[0.142s] Invoking command in '/home/om/parrot_ws/build/parrot_v1_bringup': CMAKE_PREFIX_PATH=${CMAKE_PREFIX_PATH}:/home/om/ros2_ws/install/turtlesim_catch_them_all:/home/om/ros2_ws/install/my_py_pkg:/opt/ros/humble /usr/bin/cmake /home/om/parrot_ws/src/parrot_v1_bringup -DAMENT_CMAKE_SYMLINK_INSTALL=1 -DCMAKE_INSTALL_PREFIX=/home/om/parrot_ws/install/parrot_v1_bringup
[0.227s] -- The C compiler identification is GNU 11.4.0
[0.289s] -- The CXX compiler identification is GNU 11.4.0
[0.296s] -- Detecting C compiler ABI info
[0.355s] -- Detecting C compiler ABI info - done
[0.361s] -- Check for working C compiler: /usr/bin/cc - skipped
[0.361s] -- Detecting C compile features
[0.361s] -- Detecting C compile features - done
[0.364s] -- Detecting CXX compiler ABI info
[0.430s] -- Detecting CXX compiler ABI info - done
[0.436s] -- Check for working CXX compiler: /usr/bin/c++ - skipped
[0.436s] -- Detecting CXX compile features
[0.436s] -- Detecting CXX compile features - done
[0.441s] -- Found ament_cmake: 1.3.8 (/opt/ros/humble/share/ament_cmake/cmake)
[0.560s] -- Found Python3: /usr/bin/python3 (found version "3.10.12") found components: Interpreter 
[0.608s] -- Override CMake install command with custom implementation using symlinks instead of copying resources
[0.690s] -- Configuring done
[0.692s] -- Generating done
[0.693s] -- Build files have been written to: /home/om/parrot_ws/build/parrot_v1_bringup
[0.696s] Invoked command in '/home/om/parrot_ws/build/parrot_v1_bringup' returned '0': CMAKE_PREFIX_PATH=${CMAKE_PREFIX_PATH}:/home/om/ros2_ws/install/turtlesim_catch_them_all:/home/om/ros2_ws/install/my_py_pkg:/opt/ros/humble /usr/bin/cmake /home/om/parrot_ws/src/parrot_v1_bringup -DAMENT_CMAKE_SYMLINK_INSTALL=1 -DCMAKE_INSTALL_PREFIX=/home/om/parrot_ws/install/parrot_v1_bringup
[0.697s] Invoking command in '/home/om/parrot_ws/build/parrot_v1_bringup': CMAKE_PREFIX_PATH=${CMAKE_PREFIX_PATH}:/home/om/ros2_ws/install/turtlesim_catch_them_all:/home/om/ros2_ws/install/my_py_pkg:/opt/ros/humble /usr/bin/cmake --build /home/om/parrot_ws/build/parrot_v1_bringup -- -j16 -l16
[0.732s] Invoked command in '/home/om/parrot_ws/build/parrot_v1_bringup' returned '0': CMAKE_PREFIX_PATH=${CMAKE_PREFIX_PATH}:/home/om/ros2_ws/install/turtlesim_catch_them_all:/home/om/ros2_ws/install/my_py_pkg:/opt/ros/humble /usr/bin/cmake --build /home/om/parrot_ws/build/parrot_v1_bringup -- -j16 -l16
[0.753s] Invoking command in '/home/om/parrot_ws/build/parrot_v1_bringup': CMAKE_PREFIX_PATH=${CMAKE_PREFIX_PATH}:/home/om/ros2_ws/install/turtlesim_catch_them_all:/home/om/ros2_ws/install/my_py_pkg:/opt/ros/humble /usr/bin/cmake --install /home/om/parrot_ws/build/parrot_v1_bringup
[0.759s] -- Install configuration: ""
[0.760s] -- Execute custom install script
[0.760s] -- Symlinking: /home/om/parrot_ws/install/parrot_v1_bringup/share/parrot_v1_bringup/launch/parrot_v1_sim.launch.xml
[0.769s] -- Symlinking: /home/om/parrot_ws/install/parrot_v1_bringup/share/ament_index/resource_index/package_run_dependencies/parrot_v1_bringup
[0.777s] -- Symlinking: /home/om/parrot_ws/install/parrot_v1_bringup/share/ament_index/resource_index/parent_prefix_path/parrot_v1_bringup
[0.784s] -- Symlinking: /home/om/parrot_ws/install/parrot_v1_bringup/share/parrot_v1_bringup/environment/ament_prefix_path.sh
[0.792s] -- Symlinking: /home/om/parrot_ws/install/parrot_v1_bringup/share/parrot_v1_bringup/environment/ament_prefix_path.dsv
[0.800s] -- Symlinking: /home/om/parrot_ws/install/parrot_v1_bringup/share/parrot_v1_bringup/environment/path.sh
[0.807s] -- Symlinking: /home/om/parrot_ws/install/parrot_v1_bringup/share/parrot_v1_bringup/environment/path.dsv
[0.815s] -- Symlinking: /home/om/parrot_ws/install/parrot_v1_bringup/share/parrot_v1_bringup/local_setup.bash
[0.823s] -- Symlinking: /home/om/parrot_ws/install/parrot_v1_bringup/share/parrot_v1_bringup/local_setup.sh
[0.832s] -- Symlinking: /home/om/parrot_ws/install/parrot_v1_bringup/share/parrot_v1_bringup/local_setup.zsh
[0.840s] -- Symlinking: /home/om/parrot_ws/install/parrot_v1_bringup/share/parrot_v1_bringup/local_setup.dsv
[0.848s] -- Symlinking: /home/om/parrot_ws/install/parrot_v1_bringup/share/parrot_v1_bringup/package.dsv
[0.856s] -- Symlinking: /home/om/parrot_ws/install/parrot_v1_bringup/share/ament_index/resource_index/packages/parrot_v1_bringup
[0.864s] -- Symlinking: /home/om/parrot_ws/install/parrot_v1_bringup/share/parrot_v1_bringup/cmake/parrot_v1_bringupConfig.cmake
[0.872s] -- Symlinking: /home/om/parrot_ws/install/parrot_v1_bringup/share/parrot_v1_bringup/cmake/parrot_v1_bringupConfig-version.cmake
[0.879s] -- Symlinking: /home/om/parrot_ws/install/parrot_v1_bringup/share/parrot_v1_bringup/package.xml
[0.889s] Invoked command in '/home/om/parrot_ws/build/parrot_v1_bringup' returned '0': CMAKE_PREFIX_PATH=${CMAKE_PREFIX_PATH}:/home/om/ros2_ws/install/turtlesim_catch_them_all:/home/om/ros2_ws/install/my_py_pkg:/opt/ros/humble /usr/bin/cmake --install /home/om/parrot_ws/build/parrot_v1_bringup
