[0.166s] Invoking command in '/home/om/parrot_ws/build/parrot_v1_bringup': CMAKE_PREFIX_PATH=${CMAKE_PREFIX_PATH}:/home/om/ros2_ws/install/turtlesim_catch_them_all:/home/om/ros2_ws/install/my_py_pkg:/opt/ros/humble /usr/bin/cmake --build /home/om/parrot_ws/build/parrot_v1_bringup -- -j16 -l16
[0.206s] Invoked command in '/home/om/parrot_ws/build/parrot_v1_bringup' returned '0': CMAKE_PREFIX_PATH=${CMAKE_PREFIX_PATH}:/home/om/ros2_ws/install/turtlesim_catch_them_all:/home/om/ros2_ws/install/my_py_pkg:/opt/ros/humble /usr/bin/cmake --build /home/om/parrot_ws/build/parrot_v1_bringup -- -j16 -l16
[0.240s] Invoking command in '/home/om/parrot_ws/build/parrot_v1_bringup': CMAKE_PREFIX_PATH=${CMAKE_PREFIX_PATH}:/home/om/ros2_ws/install/turtlesim_catch_them_all:/home/om/ros2_ws/install/my_py_pkg:/opt/ros/humble /usr/bin/cmake --install /home/om/parrot_ws/build/parrot_v1_bringup
[0.247s] -- Install configuration: ""
[0.248s] -- Execute custom install script
[0.248s] -- Up-to-date symlink: /home/om/parrot_ws/install/parrot_v1_bringup/share/parrot_v1_bringup/launch/parrot_v1_sim.launch.xml
[0.248s] -- Up-to-date symlink: /home/om/parrot_ws/install/parrot_v1_bringup/share/ament_index/resource_index/package_run_dependencies/parrot_v1_bringup
[0.249s] -- Up-to-date symlink: /home/om/parrot_ws/install/parrot_v1_bringup/share/ament_index/resource_index/parent_prefix_path/parrot_v1_bringup
[0.249s] -- Up-to-date symlink: /home/om/parrot_ws/install/parrot_v1_bringup/share/parrot_v1_bringup/environment/ament_prefix_path.sh
[0.249s] -- Up-to-date symlink: /home/om/parrot_ws/install/parrot_v1_bringup/share/parrot_v1_bringup/environment/ament_prefix_path.dsv
[0.249s] -- Up-to-date symlink: /home/om/parrot_ws/install/parrot_v1_bringup/share/parrot_v1_bringup/environment/path.sh
[0.249s] -- Up-to-date symlink: /home/om/parrot_ws/install/parrot_v1_bringup/share/parrot_v1_bringup/environment/path.dsv
[0.249s] -- Up-to-date symlink: /home/om/parrot_ws/install/parrot_v1_bringup/share/parrot_v1_bringup/local_setup.bash
[0.250s] -- Up-to-date symlink: /home/om/parrot_ws/install/parrot_v1_bringup/share/parrot_v1_bringup/local_setup.sh
[0.250s] -- Up-to-date symlink: /home/om/parrot_ws/install/parrot_v1_bringup/share/parrot_v1_bringup/local_setup.zsh
[0.250s] -- Up-to-date symlink: /home/om/parrot_ws/install/parrot_v1_bringup/share/parrot_v1_bringup/local_setup.dsv
[0.250s] -- Symlinking: /home/om/parrot_ws/install/parrot_v1_bringup/share/parrot_v1_bringup/package.dsv
[0.260s] -- Up-to-date symlink: /home/om/parrot_ws/install/parrot_v1_bringup/share/ament_index/resource_index/packages/parrot_v1_bringup
[0.263s] -- Up-to-date symlink: /home/om/parrot_ws/install/parrot_v1_bringup/share/parrot_v1_bringup/cmake/parrot_v1_bringupConfig.cmake
[0.263s] -- Up-to-date symlink: /home/om/parrot_ws/install/parrot_v1_bringup/share/parrot_v1_bringup/cmake/parrot_v1_bringupConfig-version.cmake
[0.263s] -- Up-to-date symlink: /home/om/parrot_ws/install/parrot_v1_bringup/share/parrot_v1_bringup/package.xml
[0.265s] Invoked command in '/home/om/parrot_ws/build/parrot_v1_bringup' returned '0': CMAKE_PREFIX_PATH=${CMAKE_PREFIX_PATH}:/home/om/ros2_ws/install/turtlesim_catch_them_all:/home/om/ros2_ws/install/my_py_pkg:/opt/ros/humble /usr/bin/cmake --install /home/om/parrot_ws/build/parrot_v1_bringup
