[0.144s] Invoking command in '/home/om/parrot_ws/build/parrot_v1_bringup': CMAKE_PREFIX_PATH=${CMAKE_PREFIX_PATH}:/home/om/ros2_ws/install/turtlesim_catch_them_all:/home/om/ros2_ws/install/my_py_pkg:/opt/ros/humble /usr/bin/cmake /home/om/parrot_ws/src/parrot_v1_bringup -DAMENT_CMAKE_SYMLINK_INSTALL=1 -DCMAKE_INSTALL_PREFIX=/home/om/parrot_ws/install/parrot_v1_bringup
[0.160s] -- Found ament_cmake: 1.3.8 (/opt/ros/humble/share/ament_cmake/cmake)
[0.257s] -- Override CMake install command with custom implementation using symlinks instead of copying resources
[0.322s] -- Configuring done
[0.325s] -- Generating done
[0.326s] -- Build files have been written to: /home/om/parrot_ws/build/parrot_v1_bringup
[0.329s] Invoked command in '/home/om/parrot_ws/build/parrot_v1_bringup' returned '0': CMAKE_PREFIX_PATH=${CMAKE_PREFIX_PATH}:/home/om/ros2_ws/install/turtlesim_catch_them_all:/home/om/ros2_ws/install/my_py_pkg:/opt/ros/humble /usr/bin/cmake /home/om/parrot_ws/src/parrot_v1_bringup -DAMENT_CMAKE_SYMLINK_INSTALL=1 -DCMAKE_INSTALL_PREFIX=/home/om/parrot_ws/install/parrot_v1_bringup
[0.331s] Invoking command in '/home/om/parrot_ws/build/parrot_v1_bringup': CMAKE_PREFIX_PATH=${CMAKE_PREFIX_PATH}:/home/om/ros2_ws/install/turtlesim_catch_them_all:/home/om/ros2_ws/install/my_py_pkg:/opt/ros/humble /usr/bin/cmake --build /home/om/parrot_ws/build/parrot_v1_bringup -- -j16 -l16
[0.364s] Invoked command in '/home/om/parrot_ws/build/parrot_v1_bringup' returned '0': CMAKE_PREFIX_PATH=${CMAKE_PREFIX_PATH}:/home/om/ros2_ws/install/turtlesim_catch_them_all:/home/om/ros2_ws/install/my_py_pkg:/opt/ros/humble /usr/bin/cmake --build /home/om/parrot_ws/build/parrot_v1_bringup -- -j16 -l16
[0.393s] Invoking command in '/home/om/parrot_ws/build/parrot_v1_bringup': CMAKE_PREFIX_PATH=${CMAKE_PREFIX_PATH}:/home/om/ros2_ws/install/turtlesim_catch_them_all:/home/om/ros2_ws/install/my_py_pkg:/opt/ros/humble /usr/bin/cmake --install /home/om/parrot_ws/build/parrot_v1_bringup
[0.398s] -- Install configuration: ""
[0.399s] -- Execute custom install script
[0.399s] -- Up-to-date symlink: /home/om/parrot_ws/install/parrot_v1_bringup/share/parrot_v1_bringup/launch/parrot_v1_sim.launch.xml
[0.399s] -- Up-to-date symlink: /home/om/parrot_ws/install/parrot_v1_bringup/share/ament_index/resource_index/package_run_dependencies/parrot_v1_bringup
[0.400s] -- Up-to-date symlink: /home/om/parrot_ws/install/parrot_v1_bringup/share/ament_index/resource_index/parent_prefix_path/parrot_v1_bringup
[0.400s] -- Up-to-date symlink: /home/om/parrot_ws/install/parrot_v1_bringup/share/parrot_v1_bringup/environment/ament_prefix_path.sh
[0.400s] -- Up-to-date symlink: /home/om/parrot_ws/install/parrot_v1_bringup/share/parrot_v1_bringup/environment/ament_prefix_path.dsv
[0.400s] -- Up-to-date symlink: /home/om/parrot_ws/install/parrot_v1_bringup/share/parrot_v1_bringup/environment/path.sh
[0.400s] -- Up-to-date symlink: /home/om/parrot_ws/install/parrot_v1_bringup/share/parrot_v1_bringup/environment/path.dsv
[0.400s] -- Up-to-date symlink: /home/om/parrot_ws/install/parrot_v1_bringup/share/parrot_v1_bringup/local_setup.bash
[0.400s] -- Up-to-date symlink: /home/om/parrot_ws/install/parrot_v1_bringup/share/parrot_v1_bringup/local_setup.sh
[0.401s] -- Up-to-date symlink: /home/om/parrot_ws/install/parrot_v1_bringup/share/parrot_v1_bringup/local_setup.zsh
[0.401s] -- Up-to-date symlink: /home/om/parrot_ws/install/parrot_v1_bringup/share/parrot_v1_bringup/local_setup.dsv
[0.401s] -- Symlinking: /home/om/parrot_ws/install/parrot_v1_bringup/share/parrot_v1_bringup/package.dsv
[0.409s] -- Up-to-date symlink: /home/om/parrot_ws/install/parrot_v1_bringup/share/ament_index/resource_index/packages/parrot_v1_bringup
[0.409s] -- Up-to-date symlink: /home/om/parrot_ws/install/parrot_v1_bringup/share/parrot_v1_bringup/cmake/parrot_v1_bringupConfig.cmake
[0.409s] -- Up-to-date symlink: /home/om/parrot_ws/install/parrot_v1_bringup/share/parrot_v1_bringup/cmake/parrot_v1_bringupConfig-version.cmake
[0.409s] -- Up-to-date symlink: /home/om/parrot_ws/install/parrot_v1_bringup/share/parrot_v1_bringup/package.xml
[0.411s] Invoked command in '/home/om/parrot_ws/build/parrot_v1_bringup' returned '0': CMAKE_PREFIX_PATH=${CMAKE_PREFIX_PATH}:/home/om/ros2_ws/install/turtlesim_catch_them_all:/home/om/ros2_ws/install/my_py_pkg:/opt/ros/humble /usr/bin/cmake --install /home/om/parrot_ws/build/parrot_v1_bringup
