[0.762s] DEBUG:colcon:Command line arguments: ['/usr/bin/colcon', 'build', '--symlink-install']
[0.762s] DEBUG:colcon:Parsed command line arguments: Namespace(log_base=None, log_level=None, verb_name='build', build_base='build', install_base='install', merge_install=False, symlink_install=True, test_result_base=None, continue_on_error=False, executor='parallel', parallel_workers=16, event_handlers=None, ignore_user_meta=False, metas=['./colcon.meta'], base_paths=['.'], packages_ignore=None, packages_ignore_regex=None, paths=None, packages_up_to=None, packages_up_to_regex=None, packages_above=None, packages_above_and_dependencies=None, packages_above_depth=None, packages_select_by_dep=None, packages_skip_by_dep=None, packages_skip_up_to=None, packages_select_build_failed=False, packages_skip_build_finished=False, packages_select_test_failures=False, packages_skip_test_passed=False, packages_select=None, packages_skip=None, packages_select_regex=None, packages_skip_regex=None, packages_start=None, packages_end=None, allow_overriding=[], cmake_args=None, cmake_target=None, cmake_target_skip_unavailable=False, cmake_clean_cache=False, cmake_clean_first=False, cmake_force_configure=False, ament_cmake_args=None, catkin_cmake_args=None, catkin_skip_building_tests=False, verb_parser=<colcon_defaults.argument_parser.defaults.DefaultArgumentsDecorator object at 0x78ff3a807fd0>, verb_extension=<colcon_core.verb.build.BuildVerb object at 0x78ff3a7b76a0>, main=<bound method BuildVerb.main of <colcon_core.verb.build.BuildVerb object at 0x78ff3a7b76a0>>)
[0.797s] Level 1:colcon.colcon_core.package_discovery:discover_packages(colcon_meta) check parameters
[0.797s] Level 1:colcon.colcon_core.package_discovery:discover_packages(recursive) check parameters
[0.797s] Level 1:colcon.colcon_core.package_discovery:discover_packages(ignore) check parameters
[0.797s] Level 1:colcon.colcon_core.package_discovery:discover_packages(path) check parameters
[0.797s] Level 1:colcon.colcon_core.package_discovery:discover_packages(colcon_meta) discover
[0.797s] Level 1:colcon.colcon_core.package_discovery:discover_packages(recursive) discover
[0.797s] INFO:colcon.colcon_core.package_discovery:Crawling recursively for packages in '/home/om/parrot_ws'
[0.797s] Level 1:colcon.colcon_core.package_identification:_identify(.) by extensions ['ignore', 'ignore_ament_install']
[0.797s] Level 1:colcon.colcon_core.package_identification:_identify(.) by extension 'ignore'
[0.797s] Level 1:colcon.colcon_core.package_identification:_identify(.) by extension 'ignore_ament_install'
[0.797s] Level 1:colcon.colcon_core.package_identification:_identify(.) by extensions ['colcon_pkg']
[0.797s] Level 1:colcon.colcon_core.package_identification:_identify(.) by extension 'colcon_pkg'
[0.797s] Level 1:colcon.colcon_core.package_identification:_identify(.) by extensions ['colcon_meta']
[0.797s] Level 1:colcon.colcon_core.package_identification:_identify(.) by extension 'colcon_meta'
[0.798s] Level 1:colcon.colcon_core.package_identification:_identify(.) by extensions ['ros']
[0.798s] Level 1:colcon.colcon_core.package_identification:_identify(.) by extension 'ros'
[0.805s] Level 1:colcon.colcon_core.package_identification:_identify(.) by extensions ['cmake', 'python']
[0.805s] Level 1:colcon.colcon_core.package_identification:_identify(.) by extension 'cmake'
[0.806s] Level 1:colcon.colcon_core.package_identification:_identify(.) by extension 'python'
[0.806s] Level 1:colcon.colcon_core.package_identification:_identify(.) by extensions ['python_setup_py']
[0.806s] Level 1:colcon.colcon_core.package_identification:_identify(.) by extension 'python_setup_py'
[0.806s] Level 1:colcon.colcon_core.package_identification:_identify(build) by extensions ['ignore', 'ignore_ament_install']
[0.806s] Level 1:colcon.colcon_core.package_identification:_identify(build) by extension 'ignore'
[0.806s] Level 1:colcon.colcon_core.package_identification:_identify(build) ignored
[0.806s] Level 1:colcon.colcon_core.package_identification:_identify(install) by extensions ['ignore', 'ignore_ament_install']
[0.806s] Level 1:colcon.colcon_core.package_identification:_identify(install) by extension 'ignore'
[0.806s] Level 1:colcon.colcon_core.package_identification:_identify(install) ignored
[0.806s] Level 1:colcon.colcon_core.package_identification:_identify(log) by extensions ['ignore', 'ignore_ament_install']
[0.806s] Level 1:colcon.colcon_core.package_identification:_identify(log) by extension 'ignore'
[0.806s] Level 1:colcon.colcon_core.package_identification:_identify(log) ignored
[0.806s] Level 1:colcon.colcon_core.package_identification:_identify(src) by extensions ['ignore', 'ignore_ament_install']
[0.806s] Level 1:colcon.colcon_core.package_identification:_identify(src) by extension 'ignore'
[0.806s] Level 1:colcon.colcon_core.package_identification:_identify(src) by extension 'ignore_ament_install'
[0.806s] Level 1:colcon.colcon_core.package_identification:_identify(src) by extensions ['colcon_pkg']
[0.806s] Level 1:colcon.colcon_core.package_identification:_identify(src) by extension 'colcon_pkg'
[0.806s] Level 1:colcon.colcon_core.package_identification:_identify(src) by extensions ['colcon_meta']
[0.806s] Level 1:colcon.colcon_core.package_identification:_identify(src) by extension 'colcon_meta'
[0.807s] Level 1:colcon.colcon_core.package_identification:_identify(src) by extensions ['ros']
[0.807s] Level 1:colcon.colcon_core.package_identification:_identify(src) by extension 'ros'
[0.807s] Level 1:colcon.colcon_core.package_identification:_identify(src) by extensions ['cmake', 'python']
[0.807s] Level 1:colcon.colcon_core.package_identification:_identify(src) by extension 'cmake'
[0.807s] Level 1:colcon.colcon_core.package_identification:_identify(src) by extension 'python'
[0.807s] Level 1:colcon.colcon_core.package_identification:_identify(src) by extensions ['python_setup_py']
[0.807s] Level 1:colcon.colcon_core.package_identification:_identify(src) by extension 'python_setup_py'
[0.807s] Level 1:colcon.colcon_core.package_identification:_identify(src/build) by extensions ['ignore', 'ignore_ament_install']
[0.807s] Level 1:colcon.colcon_core.package_identification:_identify(src/build) by extension 'ignore'
[0.807s] Level 1:colcon.colcon_core.package_identification:_identify(src/build) ignored
[0.807s] Level 1:colcon.colcon_core.package_identification:_identify(src/install) by extensions ['ignore', 'ignore_ament_install']
[0.807s] Level 1:colcon.colcon_core.package_identification:_identify(src/install) by extension 'ignore'
[0.807s] Level 1:colcon.colcon_core.package_identification:_identify(src/install) ignored
[0.807s] Level 1:colcon.colcon_core.package_identification:_identify(src/log) by extensions ['ignore', 'ignore_ament_install']
[0.807s] Level 1:colcon.colcon_core.package_identification:_identify(src/log) by extension 'ignore'
[0.807s] Level 1:colcon.colcon_core.package_identification:_identify(src/log) ignored
[0.807s] Level 1:colcon.colcon_core.package_identification:_identify(src/parrot_v1_bringup) by extensions ['ignore', 'ignore_ament_install']
[0.807s] Level 1:colcon.colcon_core.package_identification:_identify(src/parrot_v1_bringup) by extension 'ignore'
[0.807s] Level 1:colcon.colcon_core.package_identification:_identify(src/parrot_v1_bringup) by extension 'ignore_ament_install'
[0.807s] Level 1:colcon.colcon_core.package_identification:_identify(src/parrot_v1_bringup) by extensions ['colcon_pkg']
[0.807s] Level 1:colcon.colcon_core.package_identification:_identify(src/parrot_v1_bringup) by extension 'colcon_pkg'
[0.807s] Level 1:colcon.colcon_core.package_identification:_identify(src/parrot_v1_bringup) by extensions ['colcon_meta']
[0.808s] Level 1:colcon.colcon_core.package_identification:_identify(src/parrot_v1_bringup) by extension 'colcon_meta'
[0.808s] Level 1:colcon.colcon_core.package_identification:_identify(src/parrot_v1_bringup) by extensions ['ros']
[0.808s] Level 1:colcon.colcon_core.package_identification:_identify(src/parrot_v1_bringup) by extension 'ros'
[0.809s] DEBUG:colcon.colcon_core.package_identification:Package 'src/parrot_v1_bringup' with type 'ros.ament_cmake' and name 'parrot_v1_bringup'
[0.809s] Level 1:colcon.colcon_core.package_identification:_identify(src/parrot_v1_description) by extensions ['ignore', 'ignore_ament_install']
[0.809s] Level 1:colcon.colcon_core.package_identification:_identify(src/parrot_v1_description) by extension 'ignore'
[0.809s] Level 1:colcon.colcon_core.package_identification:_identify(src/parrot_v1_description) by extension 'ignore_ament_install'
[0.809s] Level 1:colcon.colcon_core.package_identification:_identify(src/parrot_v1_description) by extensions ['colcon_pkg']
[0.809s] Level 1:colcon.colcon_core.package_identification:_identify(src/parrot_v1_description) by extension 'colcon_pkg'
[0.809s] Level 1:colcon.colcon_core.package_identification:_identify(src/parrot_v1_description) by extensions ['colcon_meta']
[0.809s] Level 1:colcon.colcon_core.package_identification:_identify(src/parrot_v1_description) by extension 'colcon_meta'
[0.809s] Level 1:colcon.colcon_core.package_identification:_identify(src/parrot_v1_description) by extensions ['ros']
[0.809s] Level 1:colcon.colcon_core.package_identification:_identify(src/parrot_v1_description) by extension 'ros'
[0.810s] DEBUG:colcon.colcon_core.package_identification:Package 'src/parrot_v1_description' with type 'ros.ament_cmake' and name 'parrot_v1_description'
[0.810s] Level 1:colcon.colcon_core.package_discovery:discover_packages(recursive) using defaults
[0.810s] Level 1:colcon.colcon_core.package_discovery:discover_packages(ignore) discover
[0.810s] Level 1:colcon.colcon_core.package_discovery:discover_packages(ignore) using defaults
[0.810s] Level 1:colcon.colcon_core.package_discovery:discover_packages(path) discover
[0.810s] Level 1:colcon.colcon_core.package_discovery:discover_packages(path) using defaults
[0.878s] Level 1:colcon.colcon_core.package_discovery:discover_packages(prefix_path) check parameters
[0.878s] Level 1:colcon.colcon_core.package_discovery:discover_packages(prefix_path) discover
[0.904s] DEBUG:colcon.colcon_installed_package_information.package_discovery:Found 2 installed packages in /home/om/parrot_ws/install
[0.914s] DEBUG:colcon.colcon_installed_package_information.package_discovery:Found 5 installed packages in /home/om/ros2_ws/install
[0.925s] DEBUG:colcon.colcon_installed_package_information.package_discovery:Found 3 installed packages in /home/om/ros2_robot/install
[0.936s] DEBUG:colcon.colcon_installed_package_information.package_discovery:Found 328 installed packages in /opt/ros/humble
[0.937s] Level 1:colcon.colcon_core.package_discovery:discover_packages(prefix_path) using defaults
[1.026s] Level 5:colcon.colcon_core.verb:set package 'parrot_v1_bringup' build argument 'cmake_args' from command line to 'None'
[1.026s] Level 5:colcon.colcon_core.verb:set package 'parrot_v1_bringup' build argument 'cmake_target' from command line to 'None'
[1.026s] Level 5:colcon.colcon_core.verb:set package 'parrot_v1_bringup' build argument 'cmake_target_skip_unavailable' from command line to 'False'
[1.026s] Level 5:colcon.colcon_core.verb:set package 'parrot_v1_bringup' build argument 'cmake_clean_cache' from command line to 'False'
[1.026s] Level 5:colcon.colcon_core.verb:set package 'parrot_v1_bringup' build argument 'cmake_clean_first' from command line to 'False'
[1.026s] Level 5:colcon.colcon_core.verb:set package 'parrot_v1_bringup' build argument 'cmake_force_configure' from command line to 'False'
[1.026s] Level 5:colcon.colcon_core.verb:set package 'parrot_v1_bringup' build argument 'ament_cmake_args' from command line to 'None'
[1.026s] Level 5:colcon.colcon_core.verb:set package 'parrot_v1_bringup' build argument 'catkin_cmake_args' from command line to 'None'
[1.026s] Level 5:colcon.colcon_core.verb:set package 'parrot_v1_bringup' build argument 'catkin_skip_building_tests' from command line to 'False'
[1.026s] DEBUG:colcon.colcon_core.verb:Building package 'parrot_v1_bringup' with the following arguments: {'ament_cmake_args': None, 'build_base': '/home/om/parrot_ws/build/parrot_v1_bringup', 'catkin_cmake_args': None, 'catkin_skip_building_tests': False, 'cmake_args': None, 'cmake_clean_cache': False, 'cmake_clean_first': False, 'cmake_force_configure': False, 'cmake_target': None, 'cmake_target_skip_unavailable': False, 'install_base': '/home/om/parrot_ws/install/parrot_v1_bringup', 'merge_install': False, 'path': '/home/om/parrot_ws/src/parrot_v1_bringup', 'symlink_install': True, 'test_result_base': None}
[1.037s] Level 5:colcon.colcon_core.verb:set package 'parrot_v1_description' build argument 'cmake_args' from command line to 'None'
[1.037s] Level 5:colcon.colcon_core.verb:set package 'parrot_v1_description' build argument 'cmake_target' from command line to 'None'
[1.037s] Level 5:colcon.colcon_core.verb:set package 'parrot_v1_description' build argument 'cmake_target_skip_unavailable' from command line to 'False'
[1.037s] Level 5:colcon.colcon_core.verb:set package 'parrot_v1_description' build argument 'cmake_clean_cache' from command line to 'False'
[1.037s] Level 5:colcon.colcon_core.verb:set package 'parrot_v1_description' build argument 'cmake_clean_first' from command line to 'False'
[1.037s] Level 5:colcon.colcon_core.verb:set package 'parrot_v1_description' build argument 'cmake_force_configure' from command line to 'False'
[1.037s] Level 5:colcon.colcon_core.verb:set package 'parrot_v1_description' build argument 'ament_cmake_args' from command line to 'None'
[1.037s] Level 5:colcon.colcon_core.verb:set package 'parrot_v1_description' build argument 'catkin_cmake_args' from command line to 'None'
[1.038s] Level 5:colcon.colcon_core.verb:set package 'parrot_v1_description' build argument 'catkin_skip_building_tests' from command line to 'False'
[1.038s] DEBUG:colcon.colcon_core.verb:Building package 'parrot_v1_description' with the following arguments: {'ament_cmake_args': None, 'build_base': '/home/om/parrot_ws/build/parrot_v1_description', 'catkin_cmake_args': None, 'catkin_skip_building_tests': False, 'cmake_args': None, 'cmake_clean_cache': False, 'cmake_clean_first': False, 'cmake_force_configure': False, 'cmake_target': None, 'cmake_target_skip_unavailable': False, 'install_base': '/home/om/parrot_ws/install/parrot_v1_description', 'merge_install': False, 'path': '/home/om/parrot_ws/src/parrot_v1_description', 'symlink_install': True, 'test_result_base': None}
[1.048s] INFO:colcon.colcon_core.executor:Executing jobs using 'parallel' executor
[1.060s] DEBUG:colcon.colcon_parallel_executor.executor.parallel:run_until_complete
[1.060s] INFO:colcon.colcon_ros.task.ament_cmake.build:Building ROS package in '/home/om/parrot_ws/src/parrot_v1_bringup' with build type 'ament_cmake'
[1.060s] INFO:colcon.colcon_cmake.task.cmake.build:Building CMake package in '/home/om/parrot_ws/src/parrot_v1_bringup'
[1.075s] INFO:colcon.colcon_core.plugin_system:Skipping extension 'colcon_core.shell.bat': Not used on non-Windows systems
[1.075s] INFO:colcon.colcon_core.shell:Skip shell extension 'powershell' for command environment: Not usable outside of PowerShell
[1.075s] DEBUG:colcon.colcon_core.shell:Skip shell extension 'dsv' for command environment
[1.133s] INFO:colcon.colcon_ros.task.ament_cmake.build:Building ROS package in '/home/om/parrot_ws/src/parrot_v1_description' with build type 'ament_cmake'
[1.133s] INFO:colcon.colcon_cmake.task.cmake.build:Building CMake package in '/home/om/parrot_ws/src/parrot_v1_description'
[1.144s] INFO:colcon.colcon_core.shell:Skip shell extension 'powershell' for command environment: Not usable outside of PowerShell
[1.144s] DEBUG:colcon.colcon_core.shell:Skip shell extension 'dsv' for command environment
[1.204s] DEBUG:colcon.colcon_core.event_handler.log_command:Invoking command in '/home/om/parrot_ws/build/parrot_v1_bringup': CMAKE_PREFIX_PATH=${CMAKE_PREFIX_PATH}:/home/om/ros2_ws/install/turtlesim_catch_them_all:/home/om/ros2_ws/install/my_py_pkg:/opt/ros/humble /usr/bin/cmake /home/om/parrot_ws/src/parrot_v1_bringup -DAMENT_CMAKE_SYMLINK_INSTALL=1 -DCMAKE_INSTALL_PREFIX=/home/om/parrot_ws/install/parrot_v1_bringup
[1.207s] DEBUG:colcon.colcon_core.event_handler.log_command:Invoking command in '/home/om/parrot_ws/build/parrot_v1_description': CMAKE_PREFIX_PATH=${CMAKE_PREFIX_PATH}:/home/om/ros2_ws/install/turtlesim_catch_them_all:/home/om/ros2_ws/install/my_py_pkg:/opt/ros/humble /usr/bin/cmake /home/om/parrot_ws/src/parrot_v1_description -DAMENT_CMAKE_SYMLINK_INSTALL=1 -DCMAKE_INSTALL_PREFIX=/home/om/parrot_ws/install/parrot_v1_description
[1.389s] DEBUG:colcon.colcon_core.event_handler.log_command:Invoked command in '/home/om/parrot_ws/build/parrot_v1_bringup' returned '0': CMAKE_PREFIX_PATH=${CMAKE_PREFIX_PATH}:/home/om/ros2_ws/install/turtlesim_catch_them_all:/home/om/ros2_ws/install/my_py_pkg:/opt/ros/humble /usr/bin/cmake /home/om/parrot_ws/src/parrot_v1_bringup -DAMENT_CMAKE_SYMLINK_INSTALL=1 -DCMAKE_INSTALL_PREFIX=/home/om/parrot_ws/install/parrot_v1_bringup
[1.391s] DEBUG:colcon.colcon_core.event_handler.log_command:Invoking command in '/home/om/parrot_ws/build/parrot_v1_bringup': CMAKE_PREFIX_PATH=${CMAKE_PREFIX_PATH}:/home/om/ros2_ws/install/turtlesim_catch_them_all:/home/om/ros2_ws/install/my_py_pkg:/opt/ros/humble /usr/bin/cmake --build /home/om/parrot_ws/build/parrot_v1_bringup -- -j16 -l16
[1.391s] DEBUG:colcon.colcon_core.event_handler.log_command:Invoked command in '/home/om/parrot_ws/build/parrot_v1_description' returned '0': CMAKE_PREFIX_PATH=${CMAKE_PREFIX_PATH}:/home/om/ros2_ws/install/turtlesim_catch_them_all:/home/om/ros2_ws/install/my_py_pkg:/opt/ros/humble /usr/bin/cmake /home/om/parrot_ws/src/parrot_v1_description -DAMENT_CMAKE_SYMLINK_INSTALL=1 -DCMAKE_INSTALL_PREFIX=/home/om/parrot_ws/install/parrot_v1_description
[1.392s] DEBUG:colcon.colcon_core.event_handler.log_command:Invoking command in '/home/om/parrot_ws/build/parrot_v1_description': CMAKE_PREFIX_PATH=${CMAKE_PREFIX_PATH}:/home/om/ros2_ws/install/turtlesim_catch_them_all:/home/om/ros2_ws/install/my_py_pkg:/opt/ros/humble /usr/bin/cmake --build /home/om/parrot_ws/build/parrot_v1_description -- -j16 -l16
[1.424s] DEBUG:colcon.colcon_core.event_handler.log_command:Invoked command in '/home/om/parrot_ws/build/parrot_v1_bringup' returned '0': CMAKE_PREFIX_PATH=${CMAKE_PREFIX_PATH}:/home/om/ros2_ws/install/turtlesim_catch_them_all:/home/om/ros2_ws/install/my_py_pkg:/opt/ros/humble /usr/bin/cmake --build /home/om/parrot_ws/build/parrot_v1_bringup -- -j16 -l16
[1.425s] DEBUG:colcon.colcon_core.event_handler.log_command:Invoked command in '/home/om/parrot_ws/build/parrot_v1_description' returned '0': CMAKE_PREFIX_PATH=${CMAKE_PREFIX_PATH}:/home/om/ros2_ws/install/turtlesim_catch_them_all:/home/om/ros2_ws/install/my_py_pkg:/opt/ros/humble /usr/bin/cmake --build /home/om/parrot_ws/build/parrot_v1_description -- -j16 -l16
[1.453s] DEBUG:colcon.colcon_core.event_handler.log_command:Invoking command in '/home/om/parrot_ws/build/parrot_v1_description': CMAKE_PREFIX_PATH=${CMAKE_PREFIX_PATH}:/home/om/ros2_ws/install/turtlesim_catch_them_all:/home/om/ros2_ws/install/my_py_pkg:/opt/ros/humble /usr/bin/cmake --install /home/om/parrot_ws/build/parrot_v1_description
[1.453s] DEBUG:colcon.colcon_core.event_handler.log_command:Invoking command in '/home/om/parrot_ws/build/parrot_v1_bringup': CMAKE_PREFIX_PATH=${CMAKE_PREFIX_PATH}:/home/om/ros2_ws/install/turtlesim_catch_them_all:/home/om/ros2_ws/install/my_py_pkg:/opt/ros/humble /usr/bin/cmake --install /home/om/parrot_ws/build/parrot_v1_bringup
[1.471s] Level 1:colcon.colcon_core.environment:create_environment_scripts_only(parrot_v1_bringup)
[1.471s] DEBUG:colcon.colcon_core.event_handler.log_command:Invoked command in '/home/om/parrot_ws/build/parrot_v1_bringup' returned '0': CMAKE_PREFIX_PATH=${CMAKE_PREFIX_PATH}:/home/om/ros2_ws/install/turtlesim_catch_them_all:/home/om/ros2_ws/install/my_py_pkg:/opt/ros/humble /usr/bin/cmake --install /home/om/parrot_ws/build/parrot_v1_bringup
[1.486s] Level 1:colcon.colcon_core.environment:checking '/home/om/parrot_ws/install/parrot_v1_bringup' for CMake module files
[1.486s] Level 1:colcon.colcon_core.environment:checking '/home/om/parrot_ws/install/parrot_v1_bringup' for CMake config files
[1.486s] Level 1:colcon.colcon_core.shell:create_environment_hook('parrot_v1_bringup', 'cmake_prefix_path')
[1.497s] INFO:colcon.colcon_core.shell:Creating environment hook '/home/om/parrot_ws/install/parrot_v1_bringup/share/parrot_v1_bringup/hook/cmake_prefix_path.ps1'
[1.498s] INFO:colcon.colcon_core.shell:Creating environment descriptor '/home/om/parrot_ws/install/parrot_v1_bringup/share/parrot_v1_bringup/hook/cmake_prefix_path.dsv'
[1.498s] INFO:colcon.colcon_core.shell:Creating environment hook '/home/om/parrot_ws/install/parrot_v1_bringup/share/parrot_v1_bringup/hook/cmake_prefix_path.sh'
[1.499s] Level 1:colcon.colcon_core.environment:checking '/home/om/parrot_ws/install/parrot_v1_bringup/bin'
[1.499s] Level 1:colcon.colcon_core.environment:checking '/home/om/parrot_ws/install/parrot_v1_bringup/lib/pkgconfig/parrot_v1_bringup.pc'
[1.499s] Level 1:colcon.colcon_core.environment:checking '/home/om/parrot_ws/install/parrot_v1_bringup/lib/python3.10/site-packages'
[1.499s] Level 1:colcon.colcon_core.environment:checking '/home/om/parrot_ws/install/parrot_v1_bringup/bin'
[1.510s] INFO:colcon.colcon_core.shell:Creating package script '/home/om/parrot_ws/install/parrot_v1_bringup/share/parrot_v1_bringup/package.ps1'
[1.510s] INFO:colcon.colcon_core.shell:Creating package descriptor '/home/om/parrot_ws/install/parrot_v1_bringup/share/parrot_v1_bringup/package.dsv'
[1.511s] INFO:colcon.colcon_core.shell:Creating package script '/home/om/parrot_ws/install/parrot_v1_bringup/share/parrot_v1_bringup/package.sh'
[1.511s] INFO:colcon.colcon_core.shell:Creating package script '/home/om/parrot_ws/install/parrot_v1_bringup/share/parrot_v1_bringup/package.bash'
[1.512s] INFO:colcon.colcon_core.shell:Creating package script '/home/om/parrot_ws/install/parrot_v1_bringup/share/parrot_v1_bringup/package.zsh'
[1.513s] Level 1:colcon.colcon_core.environment:create_file_with_runtime_dependencies(/home/om/parrot_ws/install/parrot_v1_bringup/share/colcon-core/packages/parrot_v1_bringup)
[1.514s] Level 1:colcon.colcon_core.environment:create_environment_scripts_only(parrot_v1_description)
[1.515s] DEBUG:colcon.colcon_core.event_handler.log_command:Invoked command in '/home/om/parrot_ws/build/parrot_v1_description' returned '0': CMAKE_PREFIX_PATH=${CMAKE_PREFIX_PATH}:/home/om/ros2_ws/install/turtlesim_catch_them_all:/home/om/ros2_ws/install/my_py_pkg:/opt/ros/humble /usr/bin/cmake --install /home/om/parrot_ws/build/parrot_v1_description
[1.526s] Level 1:colcon.colcon_core.environment:checking '/home/om/parrot_ws/install/parrot_v1_description' for CMake module files
[1.526s] Level 1:colcon.colcon_core.environment:checking '/home/om/parrot_ws/install/parrot_v1_description' for CMake config files
[1.528s] Level 1:colcon.colcon_core.shell:create_environment_hook('parrot_v1_description', 'cmake_prefix_path')
[1.539s] INFO:colcon.colcon_core.shell:Creating environment hook '/home/om/parrot_ws/install/parrot_v1_description/share/parrot_v1_description/hook/cmake_prefix_path.ps1'
[1.539s] INFO:colcon.colcon_core.shell:Creating environment descriptor '/home/om/parrot_ws/install/parrot_v1_description/share/parrot_v1_description/hook/cmake_prefix_path.dsv'
[1.540s] INFO:colcon.colcon_core.shell:Creating environment hook '/home/om/parrot_ws/install/parrot_v1_description/share/parrot_v1_description/hook/cmake_prefix_path.sh'
[1.540s] Level 1:colcon.colcon_core.environment:checking '/home/om/parrot_ws/install/parrot_v1_description/bin'
[1.540s] Level 1:colcon.colcon_core.environment:checking '/home/om/parrot_ws/install/parrot_v1_description/lib/pkgconfig/parrot_v1_description.pc'
[1.540s] Level 1:colcon.colcon_core.environment:checking '/home/om/parrot_ws/install/parrot_v1_description/lib/python3.10/site-packages'
[1.540s] Level 1:colcon.colcon_core.environment:checking '/home/om/parrot_ws/install/parrot_v1_description/bin'
[1.551s] INFO:colcon.colcon_core.shell:Creating package script '/home/om/parrot_ws/install/parrot_v1_description/share/parrot_v1_description/package.ps1'
[1.552s] INFO:colcon.colcon_core.shell:Creating package descriptor '/home/om/parrot_ws/install/parrot_v1_description/share/parrot_v1_description/package.dsv'
[1.552s] INFO:colcon.colcon_core.shell:Creating package script '/home/om/parrot_ws/install/parrot_v1_description/share/parrot_v1_description/package.sh'
[1.552s] INFO:colcon.colcon_core.shell:Creating package script '/home/om/parrot_ws/install/parrot_v1_description/share/parrot_v1_description/package.bash'
[1.552s] INFO:colcon.colcon_core.shell:Creating package script '/home/om/parrot_ws/install/parrot_v1_description/share/parrot_v1_description/package.zsh'
[1.553s] Level 1:colcon.colcon_core.environment:create_file_with_runtime_dependencies(/home/om/parrot_ws/install/parrot_v1_description/share/colcon-core/packages/parrot_v1_description)
[1.565s] Level 1:colcon.colcon_core.environment:create_environment_scripts_only(parrot_v1_bringup)
[1.576s] Level 1:colcon.colcon_core.environment:checking '/home/om/parrot_ws/install/parrot_v1_bringup' for CMake module files
[1.577s] Level 1:colcon.colcon_core.environment:checking '/home/om/parrot_ws/install/parrot_v1_bringup' for CMake config files
[1.577s] Level 1:colcon.colcon_core.shell:create_environment_hook('parrot_v1_bringup', 'cmake_prefix_path')
[1.588s] INFO:colcon.colcon_core.shell:Creating environment hook '/home/om/parrot_ws/install/parrot_v1_bringup/share/parrot_v1_bringup/hook/cmake_prefix_path.ps1'
[1.588s] INFO:colcon.colcon_core.shell:Creating environment descriptor '/home/om/parrot_ws/install/parrot_v1_bringup/share/parrot_v1_bringup/hook/cmake_prefix_path.dsv'
[1.588s] INFO:colcon.colcon_core.shell:Creating environment hook '/home/om/parrot_ws/install/parrot_v1_bringup/share/parrot_v1_bringup/hook/cmake_prefix_path.sh'
[1.589s] Level 1:colcon.colcon_core.environment:checking '/home/om/parrot_ws/install/parrot_v1_bringup/bin'
[1.589s] Level 1:colcon.colcon_core.environment:checking '/home/om/parrot_ws/install/parrot_v1_bringup/lib/pkgconfig/parrot_v1_bringup.pc'
[1.589s] Level 1:colcon.colcon_core.environment:checking '/home/om/parrot_ws/install/parrot_v1_bringup/lib/python3.10/site-packages'
[1.589s] Level 1:colcon.colcon_core.environment:checking '/home/om/parrot_ws/install/parrot_v1_bringup/bin'
[1.600s] INFO:colcon.colcon_core.shell:Creating package script '/home/om/parrot_ws/install/parrot_v1_bringup/share/parrot_v1_bringup/package.ps1'
[1.600s] INFO:colcon.colcon_core.shell:Creating package descriptor '/home/om/parrot_ws/install/parrot_v1_bringup/share/parrot_v1_bringup/package.dsv'
[1.601s] INFO:colcon.colcon_core.shell:Creating package script '/home/om/parrot_ws/install/parrot_v1_bringup/share/parrot_v1_bringup/package.sh'
[1.601s] INFO:colcon.colcon_core.shell:Creating package script '/home/om/parrot_ws/install/parrot_v1_bringup/share/parrot_v1_bringup/package.bash'
[1.601s] INFO:colcon.colcon_core.shell:Creating package script '/home/om/parrot_ws/install/parrot_v1_bringup/share/parrot_v1_bringup/package.zsh'
[1.601s] Level 1:colcon.colcon_core.environment:create_file_with_runtime_dependencies(/home/om/parrot_ws/install/parrot_v1_bringup/share/colcon-core/packages/parrot_v1_bringup)
[1.613s] Level 1:colcon.colcon_core.environment:create_environment_scripts_only(parrot_v1_description)
[1.624s] Level 1:colcon.colcon_core.environment:checking '/home/om/parrot_ws/install/parrot_v1_description' for CMake module files
[1.624s] Level 1:colcon.colcon_core.environment:checking '/home/om/parrot_ws/install/parrot_v1_description' for CMake config files
[1.624s] Level 1:colcon.colcon_core.shell:create_environment_hook('parrot_v1_description', 'cmake_prefix_path')
[1.635s] INFO:colcon.colcon_core.shell:Creating environment hook '/home/om/parrot_ws/install/parrot_v1_description/share/parrot_v1_description/hook/cmake_prefix_path.ps1'
[1.635s] INFO:colcon.colcon_core.shell:Creating environment descriptor '/home/om/parrot_ws/install/parrot_v1_description/share/parrot_v1_description/hook/cmake_prefix_path.dsv'
[1.635s] INFO:colcon.colcon_core.shell:Creating environment hook '/home/om/parrot_ws/install/parrot_v1_description/share/parrot_v1_description/hook/cmake_prefix_path.sh'
[1.636s] Level 1:colcon.colcon_core.environment:checking '/home/om/parrot_ws/install/parrot_v1_description/bin'
[1.636s] Level 1:colcon.colcon_core.environment:checking '/home/om/parrot_ws/install/parrot_v1_description/lib/pkgconfig/parrot_v1_description.pc'
[1.636s] Level 1:colcon.colcon_core.environment:checking '/home/om/parrot_ws/install/parrot_v1_description/lib/python3.10/site-packages'
[1.636s] Level 1:colcon.colcon_core.environment:checking '/home/om/parrot_ws/install/parrot_v1_description/bin'
[1.647s] INFO:colcon.colcon_core.shell:Creating package script '/home/om/parrot_ws/install/parrot_v1_description/share/parrot_v1_description/package.ps1'
[1.647s] INFO:colcon.colcon_core.shell:Creating package descriptor '/home/om/parrot_ws/install/parrot_v1_description/share/parrot_v1_description/package.dsv'
[1.647s] INFO:colcon.colcon_core.shell:Creating package script '/home/om/parrot_ws/install/parrot_v1_description/share/parrot_v1_description/package.sh'
[1.648s] INFO:colcon.colcon_core.shell:Creating package script '/home/om/parrot_ws/install/parrot_v1_description/share/parrot_v1_description/package.bash'
[1.648s] INFO:colcon.colcon_core.shell:Creating package script '/home/om/parrot_ws/install/parrot_v1_description/share/parrot_v1_description/package.zsh'
[1.648s] Level 1:colcon.colcon_core.environment:create_file_with_runtime_dependencies(/home/om/parrot_ws/install/parrot_v1_description/share/colcon-core/packages/parrot_v1_description)
[1.648s] DEBUG:colcon.colcon_parallel_executor.executor.parallel:closing loop
[1.649s] DEBUG:colcon.colcon_parallel_executor.executor.parallel:loop closed
[1.649s] DEBUG:colcon.colcon_parallel_executor.executor.parallel:run_until_complete finished with '0'
[1.649s] DEBUG:colcon.colcon_core.event_reactor:joining thread
[1.664s] INFO:colcon.colcon_core.plugin_system:Skipping extension 'colcon_notification.desktop_notification.terminal_notifier': Not used on non-Darwin systems
[1.664s] INFO:colcon.colcon_core.plugin_system:Skipping extension 'colcon_notification.desktop_notification.win32': Not used on non-Windows systems
[1.664s] INFO:colcon.colcon_notification.desktop_notification:Sending desktop notification using 'notify2'
[1.675s] DEBUG:colcon.colcon_core.event_reactor:joined thread
[1.687s] INFO:colcon.colcon_core.shell:Creating prefix script '/home/om/parrot_ws/install/local_setup.ps1'
[1.687s] INFO:colcon.colcon_core.shell:Creating prefix util module '/home/om/parrot_ws/install/_local_setup_util_ps1.py'
[1.688s] INFO:colcon.colcon_core.shell:Creating prefix chain script '/home/om/parrot_ws/install/setup.ps1'
[1.700s] INFO:colcon.colcon_core.shell:Creating prefix script '/home/om/parrot_ws/install/local_setup.sh'
[1.700s] INFO:colcon.colcon_core.shell:Creating prefix util module '/home/om/parrot_ws/install/_local_setup_util_sh.py'
[1.701s] INFO:colcon.colcon_core.shell:Creating prefix chain script '/home/om/parrot_ws/install/setup.sh'
[1.712s] INFO:colcon.colcon_core.shell:Creating prefix script '/home/om/parrot_ws/install/local_setup.bash'
[1.713s] INFO:colcon.colcon_core.shell:Creating prefix chain script '/home/om/parrot_ws/install/setup.bash'
[1.724s] INFO:colcon.colcon_core.shell:Creating prefix script '/home/om/parrot_ws/install/local_setup.zsh'
[1.725s] INFO:colcon.colcon_core.shell:Creating prefix chain script '/home/om/parrot_ws/install/setup.zsh'
