[0.079s] Invoking command in '/home/om/parrot_ws/build/parrot_v1_description': CMAKE_PREFIX_PATH=${CMAKE_PREFIX_PATH}:/home/om/ros2_ws/install/turtlesim_catch_them_all:/home/om/ros2_ws/install/my_py_pkg:/opt/ros/humble /usr/bin/cmake --build /home/om/parrot_ws/build/parrot_v1_description -- -j16 -l16
[0.115s] Invoked command in '/home/om/parrot_ws/build/parrot_v1_description' returned '0': CMAKE_PREFIX_PATH=${CMAKE_PREFIX_PATH}:/home/om/ros2_ws/install/turtlesim_catch_them_all:/home/om/ros2_ws/install/my_py_pkg:/opt/ros/humble /usr/bin/cmake --build /home/om/parrot_ws/build/parrot_v1_description -- -j16 -l16
[0.147s] Invoking command in '/home/om/parrot_ws/build/parrot_v1_description': CMAKE_PREFIX_PATH=${CMAKE_PREFIX_PATH}:/home/om/ros2_ws/install/turtlesim_catch_them_all:/home/om/ros2_ws/install/my_py_pkg:/opt/ros/humble /usr/bin/cmake --install /home/om/parrot_ws/build/parrot_v1_description
[0.154s] -- Install configuration: ""
[0.154s] -- Up-to-date: /home/om/parrot_ws/install/parrot_v1_description/share/parrot_v1_description//urdf
[0.154s] -- Installing: /home/om/parrot_ws/install/parrot_v1_description/share/parrot_v1_description//urdf/parrot_v1_main.urdf
[0.154s] -- Up-to-date: /home/om/parrot_ws/install/parrot_v1_description/share/parrot_v1_description//meshes_parrot
[0.154s] -- Up-to-date: /home/om/parrot_ws/install/parrot_v1_description/share/parrot_v1_description//meshes_parrot/gripper_static_parrot.stl
[0.154s] -- Up-to-date: /home/om/parrot_ws/install/parrot_v1_description/share/parrot_v1_description//meshes_parrot/joint_2_parrot.stl
[0.154s] -- Up-to-date: /home/om/parrot_ws/install/parrot_v1_description/share/parrot_v1_description//meshes_parrot/base_parrot.stl
[0.155s] -- Up-to-date: /home/om/parrot_ws/install/parrot_v1_description/share/parrot_v1_description//meshes_parrot/joint_3_parrot.stl
[0.155s] -- Up-to-date: /home/om/parrot_ws/install/parrot_v1_description/share/parrot_v1_description//meshes_parrot/gripper_dynamic_parrot.stl
[0.155s] -- Up-to-date: /home/om/parrot_ws/install/parrot_v1_description/share/parrot_v1_description//meshes_parrot/joint_4_parrot.stl
[0.155s] -- Up-to-date: /home/om/parrot_ws/install/parrot_v1_description/share/parrot_v1_description//meshes_parrot/joint_1_parrot.stl
[0.155s] -- Up-to-date: /home/om/parrot_ws/install/parrot_v1_description/share/ament_index/resource_index/package_run_dependencies/parrot_v1_description
[0.155s] -- Up-to-date: /home/om/parrot_ws/install/parrot_v1_description/share/ament_index/resource_index/parent_prefix_path/parrot_v1_description
[0.155s] -- Up-to-date: /home/om/parrot_ws/install/parrot_v1_description/share/parrot_v1_description/environment/ament_prefix_path.sh
[0.155s] -- Up-to-date: /home/om/parrot_ws/install/parrot_v1_description/share/parrot_v1_description/environment/ament_prefix_path.dsv
[0.155s] -- Up-to-date: /home/om/parrot_ws/install/parrot_v1_description/share/parrot_v1_description/environment/path.sh
[0.155s] -- Up-to-date: /home/om/parrot_ws/install/parrot_v1_description/share/parrot_v1_description/environment/path.dsv
[0.155s] -- Up-to-date: /home/om/parrot_ws/install/parrot_v1_description/share/parrot_v1_description/local_setup.bash
[0.155s] -- Up-to-date: /home/om/parrot_ws/install/parrot_v1_description/share/parrot_v1_description/local_setup.sh
[0.155s] -- Up-to-date: /home/om/parrot_ws/install/parrot_v1_description/share/parrot_v1_description/local_setup.zsh
[0.155s] -- Up-to-date: /home/om/parrot_ws/install/parrot_v1_description/share/parrot_v1_description/local_setup.dsv
[0.155s] -- Installing: /home/om/parrot_ws/install/parrot_v1_description/share/parrot_v1_description/package.dsv
[0.155s] -- Up-to-date: /home/om/parrot_ws/install/parrot_v1_description/share/ament_index/resource_index/packages/parrot_v1_description
[0.155s] -- Up-to-date: /home/om/parrot_ws/install/parrot_v1_description/share/parrot_v1_description/cmake/parrot_v1_descriptionConfig.cmake
[0.155s] -- Up-to-date: /home/om/parrot_ws/install/parrot_v1_description/share/parrot_v1_description/cmake/parrot_v1_descriptionConfig-version.cmake
[0.155s] -- Up-to-date: /home/om/parrot_ws/install/parrot_v1_description/share/parrot_v1_description/package.xml
[0.156s] Invoked command in '/home/om/parrot_ws/build/parrot_v1_description' returned '0': CMAKE_PREFIX_PATH=${CMAKE_PREFIX_PATH}:/home/om/ros2_ws/install/turtlesim_catch_them_all:/home/om/ros2_ws/install/my_py_pkg:/opt/ros/humble /usr/bin/cmake --install /home/om/parrot_ws/build/parrot_v1_description
