[0.088s] Invoking command in '/home/om/parrot_ws/build/parrot_v1_description': CMAKE_PREFIX_PATH=${CMAKE_PREFIX_PATH}:/home/om/ros2_ws/install/turtlesim_catch_them_all:/home/om/ros2_ws/install/my_py_pkg:/opt/ros/humble /usr/bin/cmake --build /home/om/parrot_ws/build/parrot_v1_description -- -j16 -l16
[0.126s] Invoked command in '/home/om/parrot_ws/build/parrot_v1_description' returned '0': CMAKE_PREFIX_PATH=${CMAKE_PREFIX_PATH}:/home/om/ros2_ws/install/turtlesim_catch_them_all:/home/om/ros2_ws/install/my_py_pkg:/opt/ros/humble /usr/bin/cmake --build /home/om/parrot_ws/build/parrot_v1_description -- -j16 -l16
[0.160s] Invoking command in '/home/om/parrot_ws/build/parrot_v1_description': CMAKE_PREFIX_PATH=${CMAKE_PREFIX_PATH}:/home/om/ros2_ws/install/turtlesim_catch_them_all:/home/om/ros2_ws/install/my_py_pkg:/opt/ros/humble /usr/bin/cmake --install /home/om/parrot_ws/build/parrot_v1_description
[0.166s] -- Install configuration: ""
[0.166s] -- Execute custom install script
[0.167s] -- Up-to-date symlink: /home/om/parrot_ws/install/parrot_v1_description/share/parrot_v1_description//urdf/common_properties.urdf.xacro
[0.167s] -- Up-to-date symlink: /home/om/parrot_ws/install/parrot_v1_description/share/parrot_v1_description//urdf/parrot_v1.urdf.xacro
[0.168s] -- Up-to-date symlink: /home/om/parrot_ws/install/parrot_v1_description/share/parrot_v1_description//urdf/parrot_v1_main.urdf.xacro
[0.168s] -- Up-to-date symlink: /home/om/parrot_ws/install/parrot_v1_description/share/parrot_v1_description//meshes/base_parrot.dae
[0.168s] -- Symlinking: /home/om/parrot_ws/install/parrot_v1_description/share/parrot_v1_description//meshes/dynamic_gripper_parrot.dae
[0.178s] -- Up-to-date symlink: /home/om/parrot_ws/install/parrot_v1_description/share/parrot_v1_description//meshes/joint_1_parrot.dae
[0.178s] -- Up-to-date symlink: /home/om/parrot_ws/install/parrot_v1_description/share/parrot_v1_description//meshes/joint_2_parrot.dae
[0.181s] -- Up-to-date symlink: /home/om/parrot_ws/install/parrot_v1_description/share/parrot_v1_description//meshes/joint_3_parrot.dae
[0.181s] -- Up-to-date symlink: /home/om/parrot_ws/install/parrot_v1_description/share/parrot_v1_description//meshes/joint_4_parrot.dae
[0.182s] -- Up-to-date symlink: /home/om/parrot_ws/install/parrot_v1_description/share/parrot_v1_description//meshes/parrot_test.dae
[0.182s] -- Symlinking: /home/om/parrot_ws/install/parrot_v1_description/share/parrot_v1_description//meshes/static_gripper_parrot.dae
[0.190s] -- Symlinking: /home/om/parrot_ws/install/parrot_v1_description/share/parrot_v1_description//meshes/stl_parrot/Linear_gear.stl
[0.200s] -- Symlinking: /home/om/parrot_ws/install/parrot_v1_description/share/parrot_v1_description//meshes/stl_parrot/Mount.stl
[0.209s] -- Up-to-date symlink: /home/om/parrot_ws/install/parrot_v1_description/share/parrot_v1_description//meshes/stl_parrot/base_parrot.stl
[0.209s] -- Up-to-date symlink: /home/om/parrot_ws/install/parrot_v1_description/share/parrot_v1_description//meshes/stl_parrot/gripper_dynamic_parrot.stl
[0.209s] -- Up-to-date symlink: /home/om/parrot_ws/install/parrot_v1_description/share/parrot_v1_description//meshes/stl_parrot/gripper_static_parrot.stl
[0.209s] -- Up-to-date symlink: /home/om/parrot_ws/install/parrot_v1_description/share/parrot_v1_description//meshes/stl_parrot/joint_1_parrot.stl
[0.209s] -- Up-to-date symlink: /home/om/parrot_ws/install/parrot_v1_description/share/parrot_v1_description//meshes/stl_parrot/joint_2_parrot.stl
[0.209s] -- Up-to-date symlink: /home/om/parrot_ws/install/parrot_v1_description/share/parrot_v1_description//meshes/stl_parrot/joint_3_parrot.stl
[0.209s] -- Up-to-date symlink: /home/om/parrot_ws/install/parrot_v1_description/share/parrot_v1_description//meshes/stl_parrot/joint_4_parrot.stl
[0.210s] -- Up-to-date symlink: /home/om/parrot_ws/install/parrot_v1_description/share/parrot_v1_description//rviz/parrot_v1_sim.rviz
[0.210s] -- Up-to-date symlink: /home/om/parrot_ws/install/parrot_v1_description/share/parrot_v1_description//rviz/parrot_v1_sim_2.rviz
[0.210s] -- Up-to-date symlink: /home/om/parrot_ws/install/parrot_v1_description/share/ament_index/resource_index/package_run_dependencies/parrot_v1_description
[0.210s] -- Up-to-date symlink: /home/om/parrot_ws/install/parrot_v1_description/share/ament_index/resource_index/parent_prefix_path/parrot_v1_description
[0.211s] -- Up-to-date symlink: /home/om/parrot_ws/install/parrot_v1_description/share/parrot_v1_description/environment/ament_prefix_path.sh
[0.211s] -- Up-to-date symlink: /home/om/parrot_ws/install/parrot_v1_description/share/parrot_v1_description/environment/ament_prefix_path.dsv
[0.211s] -- Up-to-date symlink: /home/om/parrot_ws/install/parrot_v1_description/share/parrot_v1_description/environment/path.sh
[0.211s] -- Up-to-date symlink: /home/om/parrot_ws/install/parrot_v1_description/share/parrot_v1_description/environment/path.dsv
[0.211s] -- Up-to-date symlink: /home/om/parrot_ws/install/parrot_v1_description/share/parrot_v1_description/local_setup.bash
[0.212s] -- Up-to-date symlink: /home/om/parrot_ws/install/parrot_v1_description/share/parrot_v1_description/local_setup.sh
[0.212s] -- Up-to-date symlink: /home/om/parrot_ws/install/parrot_v1_description/share/parrot_v1_description/local_setup.zsh
[0.212s] -- Up-to-date symlink: /home/om/parrot_ws/install/parrot_v1_description/share/parrot_v1_description/local_setup.dsv
[0.213s] -- Symlinking: /home/om/parrot_ws/install/parrot_v1_description/share/parrot_v1_description/package.dsv
[0.221s] -- Up-to-date symlink: /home/om/parrot_ws/install/parrot_v1_description/share/ament_index/resource_index/packages/parrot_v1_description
[0.221s] -- Up-to-date symlink: /home/om/parrot_ws/install/parrot_v1_description/share/parrot_v1_description/cmake/parrot_v1_descriptionConfig.cmake
[0.221s] -- Up-to-date symlink: /home/om/parrot_ws/install/parrot_v1_description/share/parrot_v1_description/cmake/parrot_v1_descriptionConfig-version.cmake
[0.222s] -- Up-to-date symlink: /home/om/parrot_ws/install/parrot_v1_description/share/parrot_v1_description/package.xml
[0.234s] Invoked command in '/home/om/parrot_ws/build/parrot_v1_description' returned '0': CMAKE_PREFIX_PATH=${CMAKE_PREFIX_PATH}:/home/om/ros2_ws/install/turtlesim_catch_them_all:/home/om/ros2_ws/install/my_py_pkg:/opt/ros/humble /usr/bin/cmake --install /home/om/parrot_ws/build/parrot_v1_description
