-- Found ament_cmake: 1.3.8 (/opt/ros/humble/share/ament_cmake/cmake)
-- Override CMake install command with custom implementation using symlinks instead of copying resources
-- Configuring done
-- Generating done
-- Build files have been written to: /home/om/parrot_ws/build/parrot_v1_bringup
-- Install configuration: ""
-- Execute custom install script
-- Up-to-date symlink: /home/om/parrot_ws/install/parrot_v1_bringup/share/parrot_v1_bringup/launch/parrot_v1_sim.launch.xml
-- Up-to-date symlink: /home/om/parrot_ws/install/parrot_v1_bringup/share/ament_index/resource_index/package_run_dependencies/parrot_v1_bringup
-- Up-to-date symlink: /home/om/parrot_ws/install/parrot_v1_bringup/share/ament_index/resource_index/parent_prefix_path/parrot_v1_bringup
-- Up-to-date symlink: /home/om/parrot_ws/install/parrot_v1_bringup/share/parrot_v1_bringup/environment/ament_prefix_path.sh
-- Up-to-date symlink: /home/om/parrot_ws/install/parrot_v1_bringup/share/parrot_v1_bringup/environment/ament_prefix_path.dsv
-- Up-to-date symlink: /home/om/parrot_ws/install/parrot_v1_bringup/share/parrot_v1_bringup/environment/path.sh
-- Up-to-date symlink: /home/om/parrot_ws/install/parrot_v1_bringup/share/parrot_v1_bringup/environment/path.dsv
-- Up-to-date symlink: /home/om/parrot_ws/install/parrot_v1_bringup/share/parrot_v1_bringup/local_setup.bash
-- Up-to-date symlink: /home/om/parrot_ws/install/parrot_v1_bringup/share/parrot_v1_bringup/local_setup.sh
-- Up-to-date symlink: /home/om/parrot_ws/install/parrot_v1_bringup/share/parrot_v1_bringup/local_setup.zsh
-- Up-to-date symlink: /home/om/parrot_ws/install/parrot_v1_bringup/share/parrot_v1_bringup/local_setup.dsv
-- Symlinking: /home/om/parrot_ws/install/parrot_v1_bringup/share/parrot_v1_bringup/package.dsv
-- Up-to-date symlink: /home/om/parrot_ws/install/parrot_v1_bringup/share/ament_index/resource_index/packages/parrot_v1_bringup
-- Up-to-date symlink: /home/om/parrot_ws/install/parrot_v1_bringup/share/parrot_v1_bringup/cmake/parrot_v1_bringupConfig.cmake
-- Up-to-date symlink: /home/om/parrot_ws/install/parrot_v1_bringup/share/parrot_v1_bringup/cmake/parrot_v1_bringupConfig-version.cmake
-- Up-to-date symlink: /home/om/parrot_ws/install/parrot_v1_bringup/share/parrot_v1_bringup/package.xml
