[0.744s] DEBUG:colcon:Command line arguments: ['/usr/bin/colcon', 'build']
[0.745s] DEBUG:colcon:Parsed command line arguments: Namespace(log_base=None, log_level=None, verb_name='build', build_base='build', install_base='install', merge_install=False, symlink_install=False, test_result_base=None, continue_on_error=False, executor='parallel', parallel_workers=16, event_handlers=None, ignore_user_meta=False, metas=['./colcon.meta'], base_paths=['.'], packages_ignore=None, packages_ignore_regex=None, paths=None, packages_up_to=None, packages_up_to_regex=None, packages_above=None, packages_above_and_dependencies=None, packages_above_depth=None, packages_select_by_dep=None, packages_skip_by_dep=None, packages_skip_up_to=None, packages_select_build_failed=False, packages_skip_build_finished=False, packages_select_test_failures=False, packages_skip_test_passed=False, packages_select=None, packages_skip=None, packages_select_regex=None, packages_skip_regex=None, packages_start=None, packages_end=None, allow_overriding=[], cmake_args=None, cmake_target=None, cmake_target_skip_unavailable=False, cmake_clean_cache=False, cmake_clean_first=False, cmake_force_configure=False, ament_cmake_args=None, catkin_cmake_args=None, catkin_skip_building_tests=False, verb_parser=<colcon_defaults.argument_parser.defaults.DefaultArgumentsDecorator object at 0x7b424f38d8a0>, verb_extension=<colcon_core.verb.build.BuildVerb object at 0x7b424f33cf10>, main=<bound method BuildVerb.main of <colcon_core.verb.build.BuildVerb object at 0x7b424f33cf10>>)
[0.778s] Level 1:colcon.colcon_core.package_discovery:discover_packages(colcon_meta) check parameters
[0.778s] Level 1:colcon.colcon_core.package_discovery:discover_packages(recursive) check parameters
[0.778s] Level 1:colcon.colcon_core.package_discovery:discover_packages(ignore) check parameters
[0.778s] Level 1:colcon.colcon_core.package_discovery:discover_packages(path) check parameters
[0.778s] Level 1:colcon.colcon_core.package_discovery:discover_packages(colcon_meta) discover
[0.778s] Level 1:colcon.colcon_core.package_discovery:discover_packages(recursive) discover
[0.778s] INFO:colcon.colcon_core.package_discovery:Crawling recursively for packages in '/home/om/parrot_ws'
[0.778s] Level 1:colcon.colcon_core.package_identification:_identify(.) by extensions ['ignore', 'ignore_ament_install']
[0.779s] Level 1:colcon.colcon_core.package_identification:_identify(.) by extension 'ignore'
[0.779s] Level 1:colcon.colcon_core.package_identification:_identify(.) by extension 'ignore_ament_install'
[0.779s] Level 1:colcon.colcon_core.package_identification:_identify(.) by extensions ['colcon_pkg']
[0.779s] Level 1:colcon.colcon_core.package_identification:_identify(.) by extension 'colcon_pkg'
[0.779s] Level 1:colcon.colcon_core.package_identification:_identify(.) by extensions ['colcon_meta']
[0.779s] Level 1:colcon.colcon_core.package_identification:_identify(.) by extension 'colcon_meta'
[0.779s] Level 1:colcon.colcon_core.package_identification:_identify(.) by extensions ['ros']
[0.779s] Level 1:colcon.colcon_core.package_identification:_identify(.) by extension 'ros'
[0.787s] Level 1:colcon.colcon_core.package_identification:_identify(.) by extensions ['cmake', 'python']
[0.787s] Level 1:colcon.colcon_core.package_identification:_identify(.) by extension 'cmake'
[0.787s] Level 1:colcon.colcon_core.package_identification:_identify(.) by extension 'python'
[0.787s] Level 1:colcon.colcon_core.package_identification:_identify(.) by extensions ['python_setup_py']
[0.787s] Level 1:colcon.colcon_core.package_identification:_identify(.) by extension 'python_setup_py'
[0.787s] Level 1:colcon.colcon_core.package_identification:_identify(build) by extensions ['ignore', 'ignore_ament_install']
[0.787s] Level 1:colcon.colcon_core.package_identification:_identify(build) by extension 'ignore'
[0.787s] Level 1:colcon.colcon_core.package_identification:_identify(build) ignored
[0.787s] Level 1:colcon.colcon_core.package_identification:_identify(install) by extensions ['ignore', 'ignore_ament_install']
[0.787s] Level 1:colcon.colcon_core.package_identification:_identify(install) by extension 'ignore'
[0.787s] Level 1:colcon.colcon_core.package_identification:_identify(install) ignored
[0.787s] Level 1:colcon.colcon_core.package_identification:_identify(log) by extensions ['ignore', 'ignore_ament_install']
[0.787s] Level 1:colcon.colcon_core.package_identification:_identify(log) by extension 'ignore'
[0.787s] Level 1:colcon.colcon_core.package_identification:_identify(log) ignored
[0.787s] Level 1:colcon.colcon_core.package_identification:_identify(src) by extensions ['ignore', 'ignore_ament_install']
[0.787s] Level 1:colcon.colcon_core.package_identification:_identify(src) by extension 'ignore'
[0.788s] Level 1:colcon.colcon_core.package_identification:_identify(src) by extension 'ignore_ament_install'
[0.788s] Level 1:colcon.colcon_core.package_identification:_identify(src) by extensions ['colcon_pkg']
[0.788s] Level 1:colcon.colcon_core.package_identification:_identify(src) by extension 'colcon_pkg'
[0.788s] Level 1:colcon.colcon_core.package_identification:_identify(src) by extensions ['colcon_meta']
[0.788s] Level 1:colcon.colcon_core.package_identification:_identify(src) by extension 'colcon_meta'
[0.788s] Level 1:colcon.colcon_core.package_identification:_identify(src) by extensions ['ros']
[0.788s] Level 1:colcon.colcon_core.package_identification:_identify(src) by extension 'ros'
[0.788s] Level 1:colcon.colcon_core.package_identification:_identify(src) by extensions ['cmake', 'python']
[0.788s] Level 1:colcon.colcon_core.package_identification:_identify(src) by extension 'cmake'
[0.788s] Level 1:colcon.colcon_core.package_identification:_identify(src) by extension 'python'
[0.788s] Level 1:colcon.colcon_core.package_identification:_identify(src) by extensions ['python_setup_py']
[0.788s] Level 1:colcon.colcon_core.package_identification:_identify(src) by extension 'python_setup_py'
[0.788s] Level 1:colcon.colcon_core.package_identification:_identify(src/build) by extensions ['ignore', 'ignore_ament_install']
[0.788s] Level 1:colcon.colcon_core.package_identification:_identify(src/build) by extension 'ignore'
[0.788s] Level 1:colcon.colcon_core.package_identification:_identify(src/build) ignored
[0.788s] Level 1:colcon.colcon_core.package_identification:_identify(src/install) by extensions ['ignore', 'ignore_ament_install']
[0.788s] Level 1:colcon.colcon_core.package_identification:_identify(src/install) by extension 'ignore'
[0.788s] Level 1:colcon.colcon_core.package_identification:_identify(src/install) ignored
[0.788s] Level 1:colcon.colcon_core.package_identification:_identify(src/log) by extensions ['ignore', 'ignore_ament_install']
[0.788s] Level 1:colcon.colcon_core.package_identification:_identify(src/log) by extension 'ignore'
[0.788s] Level 1:colcon.colcon_core.package_identification:_identify(src/log) ignored
[0.788s] Level 1:colcon.colcon_core.package_identification:_identify(src/parrot_v1_bringup) by extensions ['ignore', 'ignore_ament_install']
[0.789s] Level 1:colcon.colcon_core.package_identification:_identify(src/parrot_v1_bringup) by extension 'ignore'
[0.789s] Level 1:colcon.colcon_core.package_identification:_identify(src/parrot_v1_bringup) by extension 'ignore_ament_install'
[0.789s] Level 1:colcon.colcon_core.package_identification:_identify(src/parrot_v1_bringup) by extensions ['colcon_pkg']
[0.789s] Level 1:colcon.colcon_core.package_identification:_identify(src/parrot_v1_bringup) by extension 'colcon_pkg'
[0.789s] Level 1:colcon.colcon_core.package_identification:_identify(src/parrot_v1_bringup) by extensions ['colcon_meta']
[0.789s] Level 1:colcon.colcon_core.package_identification:_identify(src/parrot_v1_bringup) by extension 'colcon_meta'
[0.789s] Level 1:colcon.colcon_core.package_identification:_identify(src/parrot_v1_bringup) by extensions ['ros']
[0.789s] Level 1:colcon.colcon_core.package_identification:_identify(src/parrot_v1_bringup) by extension 'ros'
[0.790s] DEBUG:colcon.colcon_core.package_identification:Package 'src/parrot_v1_bringup' with type 'ros.ament_cmake' and name 'parrot_v1_bringup'
[0.790s] Level 1:colcon.colcon_core.package_identification:_identify(src/parrot_v1_description) by extensions ['ignore', 'ignore_ament_install']
[0.791s] Level 1:colcon.colcon_core.package_identification:_identify(src/parrot_v1_description) by extension 'ignore'
[0.791s] Level 1:colcon.colcon_core.package_identification:_identify(src/parrot_v1_description) by extension 'ignore_ament_install'
[0.791s] Level 1:colcon.colcon_core.package_identification:_identify(src/parrot_v1_description) by extensions ['colcon_pkg']
[0.791s] Level 1:colcon.colcon_core.package_identification:_identify(src/parrot_v1_description) by extension 'colcon_pkg'
[0.791s] Level 1:colcon.colcon_core.package_identification:_identify(src/parrot_v1_description) by extensions ['colcon_meta']
[0.791s] Level 1:colcon.colcon_core.package_identification:_identify(src/parrot_v1_description) by extension 'colcon_meta'
[0.791s] Level 1:colcon.colcon_core.package_identification:_identify(src/parrot_v1_description) by extensions ['ros']
[0.791s] Level 1:colcon.colcon_core.package_identification:_identify(src/parrot_v1_description) by extension 'ros'
[0.791s] DEBUG:colcon.colcon_core.package_identification:Package 'src/parrot_v1_description' with type 'ros.ament_cmake' and name 'parrot_v1_description'
[0.791s] Level 1:colcon.colcon_core.package_discovery:discover_packages(recursive) using defaults
[0.791s] Level 1:colcon.colcon_core.package_discovery:discover_packages(ignore) discover
[0.791s] Level 1:colcon.colcon_core.package_discovery:discover_packages(ignore) using defaults
[0.791s] Level 1:colcon.colcon_core.package_discovery:discover_packages(path) discover
[0.791s] Level 1:colcon.colcon_core.package_discovery:discover_packages(path) using defaults
[0.859s] Level 1:colcon.colcon_core.package_discovery:discover_packages(prefix_path) check parameters
[0.859s] Level 1:colcon.colcon_core.package_discovery:discover_packages(prefix_path) discover
[0.882s] DEBUG:colcon.colcon_installed_package_information.package_discovery:Found 2 installed packages in /home/om/parrot_ws/install
[0.893s] DEBUG:colcon.colcon_installed_package_information.package_discovery:Found 5 installed packages in /home/om/ros2_ws/install
[0.904s] DEBUG:colcon.colcon_installed_package_information.package_discovery:Found 3 installed packages in /home/om/ros2_robot/install
[0.915s] DEBUG:colcon.colcon_installed_package_information.package_discovery:Found 328 installed packages in /opt/ros/humble
[0.916s] Level 1:colcon.colcon_core.package_discovery:discover_packages(prefix_path) using defaults
[0.995s] Level 5:colcon.colcon_core.verb:set package 'parrot_v1_bringup' build argument 'cmake_args' from command line to 'None'
[0.995s] Level 5:colcon.colcon_core.verb:set package 'parrot_v1_bringup' build argument 'cmake_target' from command line to 'None'
[0.995s] Level 5:colcon.colcon_core.verb:set package 'parrot_v1_bringup' build argument 'cmake_target_skip_unavailable' from command line to 'False'
[0.995s] Level 5:colcon.colcon_core.verb:set package 'parrot_v1_bringup' build argument 'cmake_clean_cache' from command line to 'False'
[0.995s] Level 5:colcon.colcon_core.verb:set package 'parrot_v1_bringup' build argument 'cmake_clean_first' from command line to 'False'
[0.995s] Level 5:colcon.colcon_core.verb:set package 'parrot_v1_bringup' build argument 'cmake_force_configure' from command line to 'False'
[0.995s] Level 5:colcon.colcon_core.verb:set package 'parrot_v1_bringup' build argument 'ament_cmake_args' from command line to 'None'
[0.995s] Level 5:colcon.colcon_core.verb:set package 'parrot_v1_bringup' build argument 'catkin_cmake_args' from command line to 'None'
[0.996s] Level 5:colcon.colcon_core.verb:set package 'parrot_v1_bringup' build argument 'catkin_skip_building_tests' from command line to 'False'
[0.996s] DEBUG:colcon.colcon_core.verb:Building package 'parrot_v1_bringup' with the following arguments: {'ament_cmake_args': None, 'build_base': '/home/om/parrot_ws/build/parrot_v1_bringup', 'catkin_cmake_args': None, 'catkin_skip_building_tests': False, 'cmake_args': None, 'cmake_clean_cache': False, 'cmake_clean_first': False, 'cmake_force_configure': False, 'cmake_target': None, 'cmake_target_skip_unavailable': False, 'install_base': '/home/om/parrot_ws/install/parrot_v1_bringup', 'merge_install': False, 'path': '/home/om/parrot_ws/src/parrot_v1_bringup', 'symlink_install': False, 'test_result_base': None}
[1.006s] Level 5:colcon.colcon_core.verb:set package 'parrot_v1_description' build argument 'cmake_args' from command line to 'None'
[1.006s] Level 5:colcon.colcon_core.verb:set package 'parrot_v1_description' build argument 'cmake_target' from command line to 'None'
[1.006s] Level 5:colcon.colcon_core.verb:set package 'parrot_v1_description' build argument 'cmake_target_skip_unavailable' from command line to 'False'
[1.007s] Level 5:colcon.colcon_core.verb:set package 'parrot_v1_description' build argument 'cmake_clean_cache' from command line to 'False'
[1.007s] Level 5:colcon.colcon_core.verb:set package 'parrot_v1_description' build argument 'cmake_clean_first' from command line to 'False'
[1.007s] Level 5:colcon.colcon_core.verb:set package 'parrot_v1_description' build argument 'cmake_force_configure' from command line to 'False'
[1.007s] Level 5:colcon.colcon_core.verb:set package 'parrot_v1_description' build argument 'ament_cmake_args' from command line to 'None'
[1.007s] Level 5:colcon.colcon_core.verb:set package 'parrot_v1_description' build argument 'catkin_cmake_args' from command line to 'None'
[1.007s] Level 5:colcon.colcon_core.verb:set package 'parrot_v1_description' build argument 'catkin_skip_building_tests' from command line to 'False'
[1.007s] DEBUG:colcon.colcon_core.verb:Building package 'parrot_v1_description' with the following arguments: {'ament_cmake_args': None, 'build_base': '/home/om/parrot_ws/build/parrot_v1_description', 'catkin_cmake_args': None, 'catkin_skip_building_tests': False, 'cmake_args': None, 'cmake_clean_cache': False, 'cmake_clean_first': False, 'cmake_force_configure': False, 'cmake_target': None, 'cmake_target_skip_unavailable': False, 'install_base': '/home/om/parrot_ws/install/parrot_v1_description', 'merge_install': False, 'path': '/home/om/parrot_ws/src/parrot_v1_description', 'symlink_install': False, 'test_result_base': None}
[1.017s] INFO:colcon.colcon_core.executor:Executing jobs using 'parallel' executor
[1.029s] DEBUG:colcon.colcon_parallel_executor.executor.parallel:run_until_complete
[1.029s] INFO:colcon.colcon_ros.task.ament_cmake.build:Building ROS package in '/home/om/parrot_ws/src/parrot_v1_bringup' with build type 'ament_cmake'
[1.029s] INFO:colcon.colcon_cmake.task.cmake.build:Building CMake package in '/home/om/parrot_ws/src/parrot_v1_bringup'
[1.040s] INFO:colcon.colcon_core.plugin_system:Skipping extension 'colcon_core.shell.bat': Not used on non-Windows systems
[1.040s] INFO:colcon.colcon_core.shell:Skip shell extension 'powershell' for command environment: Not usable outside of PowerShell
[1.041s] DEBUG:colcon.colcon_core.shell:Skip shell extension 'dsv' for command environment
[1.095s] INFO:colcon.colcon_ros.task.ament_cmake.build:Building ROS package in '/home/om/parrot_ws/src/parrot_v1_description' with build type 'ament_cmake'
[1.096s] INFO:colcon.colcon_cmake.task.cmake.build:Building CMake package in '/home/om/parrot_ws/src/parrot_v1_description'
[1.106s] INFO:colcon.colcon_core.shell:Skip shell extension 'powershell' for command environment: Not usable outside of PowerShell
[1.106s] DEBUG:colcon.colcon_core.shell:Skip shell extension 'dsv' for command environment
[1.166s] DEBUG:colcon.colcon_core.event_handler.log_command:Invoking command in '/home/om/parrot_ws/build/parrot_v1_bringup': CMAKE_PREFIX_PATH=${CMAKE_PREFIX_PATH}:/home/om/ros2_ws/install/turtlesim_catch_them_all:/home/om/ros2_ws/install/my_py_pkg:/opt/ros/humble /usr/bin/cmake --build /home/om/parrot_ws/build/parrot_v1_bringup -- -j16 -l16
[1.168s] DEBUG:colcon.colcon_core.event_handler.log_command:Invoking command in '/home/om/parrot_ws/build/parrot_v1_description': CMAKE_PREFIX_PATH=${CMAKE_PREFIX_PATH}:/home/om/ros2_ws/install/turtlesim_catch_them_all:/home/om/ros2_ws/install/my_py_pkg:/opt/ros/humble /usr/bin/cmake --build /home/om/parrot_ws/build/parrot_v1_description -- -j16 -l16
[1.198s] DEBUG:colcon.colcon_core.event_handler.log_command:Invoked command in '/home/om/parrot_ws/build/parrot_v1_bringup' returned '0': CMAKE_PREFIX_PATH=${CMAKE_PREFIX_PATH}:/home/om/ros2_ws/install/turtlesim_catch_them_all:/home/om/ros2_ws/install/my_py_pkg:/opt/ros/humble /usr/bin/cmake --build /home/om/parrot_ws/build/parrot_v1_bringup -- -j16 -l16
[1.199s] DEBUG:colcon.colcon_core.event_handler.log_command:Invoked command in '/home/om/parrot_ws/build/parrot_v1_description' returned '0': CMAKE_PREFIX_PATH=${CMAKE_PREFIX_PATH}:/home/om/ros2_ws/install/turtlesim_catch_them_all:/home/om/ros2_ws/install/my_py_pkg:/opt/ros/humble /usr/bin/cmake --build /home/om/parrot_ws/build/parrot_v1_description -- -j16 -l16
[1.226s] DEBUG:colcon.colcon_core.event_handler.log_command:Invoking command in '/home/om/parrot_ws/build/parrot_v1_bringup': CMAKE_PREFIX_PATH=${CMAKE_PREFIX_PATH}:/home/om/ros2_ws/install/turtlesim_catch_them_all:/home/om/ros2_ws/install/my_py_pkg:/opt/ros/humble /usr/bin/cmake --install /home/om/parrot_ws/build/parrot_v1_bringup
[1.228s] DEBUG:colcon.colcon_core.event_handler.log_command:Invoking command in '/home/om/parrot_ws/build/parrot_v1_description': CMAKE_PREFIX_PATH=${CMAKE_PREFIX_PATH}:/home/om/ros2_ws/install/turtlesim_catch_them_all:/home/om/ros2_ws/install/my_py_pkg:/opt/ros/humble /usr/bin/cmake --install /home/om/parrot_ws/build/parrot_v1_description
[1.243s] Level 1:colcon.colcon_core.environment:create_environment_scripts_only(parrot_v1_bringup)
[1.243s] DEBUG:colcon.colcon_core.event_handler.log_command:Invoked command in '/home/om/parrot_ws/build/parrot_v1_bringup' returned '0': CMAKE_PREFIX_PATH=${CMAKE_PREFIX_PATH}:/home/om/ros2_ws/install/turtlesim_catch_them_all:/home/om/ros2_ws/install/my_py_pkg:/opt/ros/humble /usr/bin/cmake --install /home/om/parrot_ws/build/parrot_v1_bringup
[1.256s] Level 1:colcon.colcon_core.environment:checking '/home/om/parrot_ws/install/parrot_v1_bringup' for CMake module files
[1.257s] Level 1:colcon.colcon_core.environment:checking '/home/om/parrot_ws/install/parrot_v1_bringup' for CMake config files
[1.257s] Level 1:colcon.colcon_core.shell:create_environment_hook('parrot_v1_bringup', 'cmake_prefix_path')
[1.268s] INFO:colcon.colcon_core.shell:Creating environment hook '/home/om/parrot_ws/install/parrot_v1_bringup/share/parrot_v1_bringup/hook/cmake_prefix_path.ps1'
[1.268s] INFO:colcon.colcon_core.shell:Creating environment descriptor '/home/om/parrot_ws/install/parrot_v1_bringup/share/parrot_v1_bringup/hook/cmake_prefix_path.dsv'
[1.268s] INFO:colcon.colcon_core.shell:Creating environment hook '/home/om/parrot_ws/install/parrot_v1_bringup/share/parrot_v1_bringup/hook/cmake_prefix_path.sh'
[1.269s] Level 1:colcon.colcon_core.environment:checking '/home/om/parrot_ws/install/parrot_v1_bringup/bin'
[1.269s] Level 1:colcon.colcon_core.environment:checking '/home/om/parrot_ws/install/parrot_v1_bringup/lib/pkgconfig/parrot_v1_bringup.pc'
[1.269s] Level 1:colcon.colcon_core.environment:checking '/home/om/parrot_ws/install/parrot_v1_bringup/lib/python3.10/site-packages'
[1.269s] Level 1:colcon.colcon_core.environment:checking '/home/om/parrot_ws/install/parrot_v1_bringup/bin'
[1.280s] INFO:colcon.colcon_core.shell:Creating package script '/home/om/parrot_ws/install/parrot_v1_bringup/share/parrot_v1_bringup/package.ps1'
[1.280s] INFO:colcon.colcon_core.shell:Creating package descriptor '/home/om/parrot_ws/install/parrot_v1_bringup/share/parrot_v1_bringup/package.dsv'
[1.281s] INFO:colcon.colcon_core.shell:Creating package script '/home/om/parrot_ws/install/parrot_v1_bringup/share/parrot_v1_bringup/package.sh'
[1.281s] INFO:colcon.colcon_core.shell:Creating package script '/home/om/parrot_ws/install/parrot_v1_bringup/share/parrot_v1_bringup/package.bash'
[1.282s] INFO:colcon.colcon_core.shell:Creating package script '/home/om/parrot_ws/install/parrot_v1_bringup/share/parrot_v1_bringup/package.zsh'
[1.282s] Level 1:colcon.colcon_core.environment:create_file_with_runtime_dependencies(/home/om/parrot_ws/install/parrot_v1_bringup/share/colcon-core/packages/parrot_v1_bringup)
[1.284s] Level 1:colcon.colcon_core.environment:create_environment_scripts_only(parrot_v1_description)
[1.284s] DEBUG:colcon.colcon_core.event_handler.log_command:Invoked command in '/home/om/parrot_ws/build/parrot_v1_description' returned '0': CMAKE_PREFIX_PATH=${CMAKE_PREFIX_PATH}:/home/om/ros2_ws/install/turtlesim_catch_them_all:/home/om/ros2_ws/install/my_py_pkg:/opt/ros/humble /usr/bin/cmake --install /home/om/parrot_ws/build/parrot_v1_description
[1.295s] Level 1:colcon.colcon_core.environment:checking '/home/om/parrot_ws/install/parrot_v1_description' for CMake module files
[1.295s] Level 1:colcon.colcon_core.environment:checking '/home/om/parrot_ws/install/parrot_v1_description' for CMake config files
[1.295s] Level 1:colcon.colcon_core.shell:create_environment_hook('parrot_v1_description', 'cmake_prefix_path')
[1.306s] INFO:colcon.colcon_core.shell:Creating environment hook '/home/om/parrot_ws/install/parrot_v1_description/share/parrot_v1_description/hook/cmake_prefix_path.ps1'
[1.306s] INFO:colcon.colcon_core.shell:Creating environment descriptor '/home/om/parrot_ws/install/parrot_v1_description/share/parrot_v1_description/hook/cmake_prefix_path.dsv'
[1.307s] INFO:colcon.colcon_core.shell:Creating environment hook '/home/om/parrot_ws/install/parrot_v1_description/share/parrot_v1_description/hook/cmake_prefix_path.sh'
[1.307s] Level 1:colcon.colcon_core.environment:checking '/home/om/parrot_ws/install/parrot_v1_description/bin'
[1.307s] Level 1:colcon.colcon_core.environment:checking '/home/om/parrot_ws/install/parrot_v1_description/lib/pkgconfig/parrot_v1_description.pc'
[1.307s] Level 1:colcon.colcon_core.environment:checking '/home/om/parrot_ws/install/parrot_v1_description/lib/python3.10/site-packages'
[1.307s] Level 1:colcon.colcon_core.environment:checking '/home/om/parrot_ws/install/parrot_v1_description/bin'
[1.318s] INFO:colcon.colcon_core.shell:Creating package script '/home/om/parrot_ws/install/parrot_v1_description/share/parrot_v1_description/package.ps1'
[1.318s] INFO:colcon.colcon_core.shell:Creating package descriptor '/home/om/parrot_ws/install/parrot_v1_description/share/parrot_v1_description/package.dsv'
[1.318s] INFO:colcon.colcon_core.shell:Creating package script '/home/om/parrot_ws/install/parrot_v1_description/share/parrot_v1_description/package.sh'
[1.319s] INFO:colcon.colcon_core.shell:Creating package script '/home/om/parrot_ws/install/parrot_v1_description/share/parrot_v1_description/package.bash'
[1.319s] INFO:colcon.colcon_core.shell:Creating package script '/home/om/parrot_ws/install/parrot_v1_description/share/parrot_v1_description/package.zsh'
[1.319s] Level 1:colcon.colcon_core.environment:create_file_with_runtime_dependencies(/home/om/parrot_ws/install/parrot_v1_description/share/colcon-core/packages/parrot_v1_description)
[1.331s] Level 1:colcon.colcon_core.environment:create_environment_scripts_only(parrot_v1_bringup)
[1.342s] Level 1:colcon.colcon_core.environment:checking '/home/om/parrot_ws/install/parrot_v1_bringup' for CMake module files
[1.342s] Level 1:colcon.colcon_core.environment:checking '/home/om/parrot_ws/install/parrot_v1_bringup' for CMake config files
[1.342s] Level 1:colcon.colcon_core.shell:create_environment_hook('parrot_v1_bringup', 'cmake_prefix_path')
[1.352s] INFO:colcon.colcon_core.shell:Creating environment hook '/home/om/parrot_ws/install/parrot_v1_bringup/share/parrot_v1_bringup/hook/cmake_prefix_path.ps1'
[1.353s] INFO:colcon.colcon_core.shell:Creating environment descriptor '/home/om/parrot_ws/install/parrot_v1_bringup/share/parrot_v1_bringup/hook/cmake_prefix_path.dsv'
[1.353s] INFO:colcon.colcon_core.shell:Creating environment hook '/home/om/parrot_ws/install/parrot_v1_bringup/share/parrot_v1_bringup/hook/cmake_prefix_path.sh'
[1.354s] Level 1:colcon.colcon_core.environment:checking '/home/om/parrot_ws/install/parrot_v1_bringup/bin'
[1.354s] Level 1:colcon.colcon_core.environment:checking '/home/om/parrot_ws/install/parrot_v1_bringup/lib/pkgconfig/parrot_v1_bringup.pc'
[1.354s] Level 1:colcon.colcon_core.environment:checking '/home/om/parrot_ws/install/parrot_v1_bringup/lib/python3.10/site-packages'
[1.354s] Level 1:colcon.colcon_core.environment:checking '/home/om/parrot_ws/install/parrot_v1_bringup/bin'
[1.365s] INFO:colcon.colcon_core.shell:Creating package script '/home/om/parrot_ws/install/parrot_v1_bringup/share/parrot_v1_bringup/package.ps1'
[1.365s] INFO:colcon.colcon_core.shell:Creating package descriptor '/home/om/parrot_ws/install/parrot_v1_bringup/share/parrot_v1_bringup/package.dsv'
[1.365s] INFO:colcon.colcon_core.shell:Creating package script '/home/om/parrot_ws/install/parrot_v1_bringup/share/parrot_v1_bringup/package.sh'
[1.366s] INFO:colcon.colcon_core.shell:Creating package script '/home/om/parrot_ws/install/parrot_v1_bringup/share/parrot_v1_bringup/package.bash'
[1.366s] INFO:colcon.colcon_core.shell:Creating package script '/home/om/parrot_ws/install/parrot_v1_bringup/share/parrot_v1_bringup/package.zsh'
[1.366s] Level 1:colcon.colcon_core.environment:create_file_with_runtime_dependencies(/home/om/parrot_ws/install/parrot_v1_bringup/share/colcon-core/packages/parrot_v1_bringup)
[1.378s] Level 1:colcon.colcon_core.environment:create_environment_scripts_only(parrot_v1_description)
[1.388s] Level 1:colcon.colcon_core.environment:checking '/home/om/parrot_ws/install/parrot_v1_description' for CMake module files
[1.389s] Level 1:colcon.colcon_core.environment:checking '/home/om/parrot_ws/install/parrot_v1_description' for CMake config files
[1.389s] Level 1:colcon.colcon_core.shell:create_environment_hook('parrot_v1_description', 'cmake_prefix_path')
[1.400s] INFO:colcon.colcon_core.shell:Creating environment hook '/home/om/parrot_ws/install/parrot_v1_description/share/parrot_v1_description/hook/cmake_prefix_path.ps1'
[1.400s] INFO:colcon.colcon_core.shell:Creating environment descriptor '/home/om/parrot_ws/install/parrot_v1_description/share/parrot_v1_description/hook/cmake_prefix_path.dsv'
[1.401s] INFO:colcon.colcon_core.shell:Creating environment hook '/home/om/parrot_ws/install/parrot_v1_description/share/parrot_v1_description/hook/cmake_prefix_path.sh'
[1.401s] Level 1:colcon.colcon_core.environment:checking '/home/om/parrot_ws/install/parrot_v1_description/bin'
[1.401s] Level 1:colcon.colcon_core.environment:checking '/home/om/parrot_ws/install/parrot_v1_description/lib/pkgconfig/parrot_v1_description.pc'
[1.401s] Level 1:colcon.colcon_core.environment:checking '/home/om/parrot_ws/install/parrot_v1_description/lib/python3.10/site-packages'
[1.401s] Level 1:colcon.colcon_core.environment:checking '/home/om/parrot_ws/install/parrot_v1_description/bin'
[1.412s] INFO:colcon.colcon_core.shell:Creating package script '/home/om/parrot_ws/install/parrot_v1_description/share/parrot_v1_description/package.ps1'
[1.412s] INFO:colcon.colcon_core.shell:Creating package descriptor '/home/om/parrot_ws/install/parrot_v1_description/share/parrot_v1_description/package.dsv'
[1.413s] INFO:colcon.colcon_core.shell:Creating package script '/home/om/parrot_ws/install/parrot_v1_description/share/parrot_v1_description/package.sh'
[1.413s] INFO:colcon.colcon_core.shell:Creating package script '/home/om/parrot_ws/install/parrot_v1_description/share/parrot_v1_description/package.bash'
[1.413s] INFO:colcon.colcon_core.shell:Creating package script '/home/om/parrot_ws/install/parrot_v1_description/share/parrot_v1_description/package.zsh'
[1.413s] Level 1:colcon.colcon_core.environment:create_file_with_runtime_dependencies(/home/om/parrot_ws/install/parrot_v1_description/share/colcon-core/packages/parrot_v1_description)
[1.414s] DEBUG:colcon.colcon_parallel_executor.executor.parallel:closing loop
[1.414s] DEBUG:colcon.colcon_parallel_executor.executor.parallel:loop closed
[1.414s] DEBUG:colcon.colcon_parallel_executor.executor.parallel:run_until_complete finished with '0'
[1.414s] DEBUG:colcon.colcon_core.event_reactor:joining thread
[1.429s] INFO:colcon.colcon_core.plugin_system:Skipping extension 'colcon_notification.desktop_notification.terminal_notifier': Not used on non-Darwin systems
[1.429s] INFO:colcon.colcon_core.plugin_system:Skipping extension 'colcon_notification.desktop_notification.win32': Not used on non-Windows systems
[1.429s] INFO:colcon.colcon_notification.desktop_notification:Sending desktop notification using 'notify2'
[1.438s] DEBUG:colcon.colcon_core.event_reactor:joined thread
[1.449s] INFO:colcon.colcon_core.shell:Creating prefix script '/home/om/parrot_ws/install/local_setup.ps1'
[1.450s] INFO:colcon.colcon_core.shell:Creating prefix util module '/home/om/parrot_ws/install/_local_setup_util_ps1.py'
[1.451s] INFO:colcon.colcon_core.shell:Creating prefix chain script '/home/om/parrot_ws/install/setup.ps1'
[1.462s] INFO:colcon.colcon_core.shell:Creating prefix script '/home/om/parrot_ws/install/local_setup.sh'
[1.463s] INFO:colcon.colcon_core.shell:Creating prefix util module '/home/om/parrot_ws/install/_local_setup_util_sh.py'
[1.463s] INFO:colcon.colcon_core.shell:Creating prefix chain script '/home/om/parrot_ws/install/setup.sh'
[1.474s] INFO:colcon.colcon_core.shell:Creating prefix script '/home/om/parrot_ws/install/local_setup.bash'
[1.475s] INFO:colcon.colcon_core.shell:Creating prefix chain script '/home/om/parrot_ws/install/setup.bash'
[1.486s] INFO:colcon.colcon_core.shell:Creating prefix script '/home/om/parrot_ws/install/local_setup.zsh'
[1.486s] INFO:colcon.colcon_core.shell:Creating prefix chain script '/home/om/parrot_ws/install/setup.zsh'
