[0.082s] Invoking command in '/home/om/parrot_ws/build/parrot_v1_description': CMAKE_PREFIX_PATH=${CMAKE_PREFIX_PATH}:/home/om/ros2_ws/install/turtlesim_catch_them_all:/home/om/ros2_ws/install/my_py_pkg:/opt/ros/humble /usr/bin/cmake /home/om/parrot_ws/src/parrot_v1_description -DCMAKE_INSTALL_PREFIX=/home/om/parrot_ws/install/parrot_v1_description
[0.093s] -- Found ament_cmake: 1.3.8 (/opt/ros/humble/share/ament_cmake/cmake)
[0.181s] -- Override CMake install command with custom implementation using symlinks instead of copying resources
[0.234s] -- Configuring done
[0.237s] -- Generating done
[0.237s] -- Build files have been written to: /home/om/parrot_ws/build/parrot_v1_description
[0.240s] Invoked command in '/home/om/parrot_ws/build/parrot_v1_description' returned '0': CMAKE_PREFIX_PATH=${CMAKE_PREFIX_PATH}:/home/om/ros2_ws/install/turtlesim_catch_them_all:/home/om/ros2_ws/install/my_py_pkg:/opt/ros/humble /usr/bin/cmake /home/om/parrot_ws/src/parrot_v1_description -DCMAKE_INSTALL_PREFIX=/home/om/parrot_ws/install/parrot_v1_description
[0.241s] Invoking command in '/home/om/parrot_ws/build/parrot_v1_description': CMAKE_PREFIX_PATH=${CMAKE_PREFIX_PATH}:/home/om/ros2_ws/install/turtlesim_catch_them_all:/home/om/ros2_ws/install/my_py_pkg:/opt/ros/humble /usr/bin/cmake --build /home/om/parrot_ws/build/parrot_v1_description -- -j16 -l16
[0.278s] Invoked command in '/home/om/parrot_ws/build/parrot_v1_description' returned '0': CMAKE_PREFIX_PATH=${CMAKE_PREFIX_PATH}:/home/om/ros2_ws/install/turtlesim_catch_them_all:/home/om/ros2_ws/install/my_py_pkg:/opt/ros/humble /usr/bin/cmake --build /home/om/parrot_ws/build/parrot_v1_description -- -j16 -l16
[0.310s] Invoking command in '/home/om/parrot_ws/build/parrot_v1_description': CMAKE_PREFIX_PATH=${CMAKE_PREFIX_PATH}:/home/om/ros2_ws/install/turtlesim_catch_them_all:/home/om/ros2_ws/install/my_py_pkg:/opt/ros/humble /usr/bin/cmake --install /home/om/parrot_ws/build/parrot_v1_description
[0.317s] -- Install configuration: ""
[0.318s] -- Execute custom install script
[0.318s] -- Up-to-date symlink: /home/om/parrot_ws/install/parrot_v1_description/share/parrot_v1_description//urdf/common_properties.urdf.xacro
[0.318s] -- Up-to-date symlink: /home/om/parrot_ws/install/parrot_v1_description/share/parrot_v1_description//urdf/parrot_v1_main.urdf
[0.318s] -- Up-to-date symlink: /home/om/parrot_ws/install/parrot_v1_description/share/parrot_v1_description//meshes/base_parrot.dae
[0.318s] -- Up-to-date symlink: /home/om/parrot_ws/install/parrot_v1_description/share/parrot_v1_description//meshes/gripper_dynamic_parrot.dae
[0.319s] -- Up-to-date symlink: /home/om/parrot_ws/install/parrot_v1_description/share/parrot_v1_description//meshes/gripper_static_parrot.dae
[0.319s] -- Up-to-date symlink: /home/om/parrot_ws/install/parrot_v1_description/share/parrot_v1_description//meshes/joint_1_parrot.dae
[0.319s] -- Up-to-date symlink: /home/om/parrot_ws/install/parrot_v1_description/share/parrot_v1_description//meshes/joint_2_parrot.dae
[0.319s] -- Up-to-date symlink: /home/om/parrot_ws/install/parrot_v1_description/share/parrot_v1_description//meshes/joint_3_parrot.dae
[0.319s] -- Up-to-date symlink: /home/om/parrot_ws/install/parrot_v1_description/share/parrot_v1_description//meshes/joint_4_parrot.dae
[0.319s] -- Up-to-date symlink: /home/om/parrot_ws/install/parrot_v1_description/share/parrot_v1_description//meshes/stl_parrot/base_parrot.stl
[0.319s] -- Up-to-date symlink: /home/om/parrot_ws/install/parrot_v1_description/share/parrot_v1_description//meshes/stl_parrot/gripper_dynamic_parrot.stl
[0.319s] -- Up-to-date symlink: /home/om/parrot_ws/install/parrot_v1_description/share/parrot_v1_description//meshes/stl_parrot/gripper_static_parrot.stl
[0.319s] -- Up-to-date symlink: /home/om/parrot_ws/install/parrot_v1_description/share/parrot_v1_description//meshes/stl_parrot/joint_1_parrot.stl
[0.319s] -- Up-to-date symlink: /home/om/parrot_ws/install/parrot_v1_description/share/parrot_v1_description//meshes/stl_parrot/joint_2_parrot.stl
[0.319s] -- Up-to-date symlink: /home/om/parrot_ws/install/parrot_v1_description/share/parrot_v1_description//meshes/stl_parrot/joint_3_parrot.stl
[0.319s] -- Up-to-date symlink: /home/om/parrot_ws/install/parrot_v1_description/share/parrot_v1_description//meshes/stl_parrot/joint_4_parrot.stl
[0.319s] -- Up-to-date symlink: /home/om/parrot_ws/install/parrot_v1_description/share/ament_index/resource_index/package_run_dependencies/parrot_v1_description
[0.320s] -- Up-to-date symlink: /home/om/parrot_ws/install/parrot_v1_description/share/ament_index/resource_index/parent_prefix_path/parrot_v1_description
[0.320s] -- Up-to-date symlink: /home/om/parrot_ws/install/parrot_v1_description/share/parrot_v1_description/environment/ament_prefix_path.sh
[0.320s] -- Up-to-date symlink: /home/om/parrot_ws/install/parrot_v1_description/share/parrot_v1_description/environment/ament_prefix_path.dsv
[0.320s] -- Up-to-date symlink: /home/om/parrot_ws/install/parrot_v1_description/share/parrot_v1_description/environment/path.sh
[0.320s] -- Up-to-date symlink: /home/om/parrot_ws/install/parrot_v1_description/share/parrot_v1_description/environment/path.dsv
[0.320s] -- Up-to-date symlink: /home/om/parrot_ws/install/parrot_v1_description/share/parrot_v1_description/local_setup.bash
[0.320s] -- Up-to-date symlink: /home/om/parrot_ws/install/parrot_v1_description/share/parrot_v1_description/local_setup.sh
[0.320s] -- Up-to-date symlink: /home/om/parrot_ws/install/parrot_v1_description/share/parrot_v1_description/local_setup.zsh
[0.320s] -- Up-to-date symlink: /home/om/parrot_ws/install/parrot_v1_description/share/parrot_v1_description/local_setup.dsv
[0.320s] -- Symlinking: /home/om/parrot_ws/install/parrot_v1_description/share/parrot_v1_description/package.dsv
[0.329s] -- Up-to-date symlink: /home/om/parrot_ws/install/parrot_v1_description/share/ament_index/resource_index/packages/parrot_v1_description
[0.329s] -- Up-to-date symlink: /home/om/parrot_ws/install/parrot_v1_description/share/parrot_v1_description/cmake/parrot_v1_descriptionConfig.cmake
[0.330s] -- Up-to-date symlink: /home/om/parrot_ws/install/parrot_v1_description/share/parrot_v1_description/cmake/parrot_v1_descriptionConfig-version.cmake
[0.330s] -- Up-to-date symlink: /home/om/parrot_ws/install/parrot_v1_description/share/parrot_v1_description/package.xml
[0.331s] Invoked command in '/home/om/parrot_ws/build/parrot_v1_description' returned '0': CMAKE_PREFIX_PATH=${CMAKE_PREFIX_PATH}:/home/om/ros2_ws/install/turtlesim_catch_them_all:/home/om/ros2_ws/install/my_py_pkg:/opt/ros/humble /usr/bin/cmake --install /home/om/parrot_ws/build/parrot_v1_description
