[0.079s] Invoking command in '/home/om/parrot_ws/build/parrot_v1_description': CMAKE_PREFIX_PATH=${CMAKE_PREFIX_PATH}:/home/om/ros2_ws/install/turtlesim_catch_them_all:/home/om/ros2_ws/install/my_py_pkg:/opt/ros/humble /usr/bin/cmake /home/om/parrot_ws/src/parrot_v1_description -DAMENT_CMAKE_SYMLINK_INSTALL=1 -DCMAKE_INSTALL_PREFIX=/home/om/parrot_ws/install/parrot_v1_description
[0.090s] -- Found ament_cmake: 1.3.8 (/opt/ros/humble/share/ament_cmake/cmake)
[0.177s] -- Override CMake install command with custom implementation using symlinks instead of copying resources
[0.232s] -- Configuring done
[0.234s] -- Generating done
[0.235s] -- Build files have been written to: /home/om/parrot_ws/build/parrot_v1_description
[0.237s] Invoked command in '/home/om/parrot_ws/build/parrot_v1_description' returned '0': CMAKE_PREFIX_PATH=${CMAKE_PREFIX_PATH}:/home/om/ros2_ws/install/turtlesim_catch_them_all:/home/om/ros2_ws/install/my_py_pkg:/opt/ros/humble /usr/bin/cmake /home/om/parrot_ws/src/parrot_v1_description -DAMENT_CMAKE_SYMLINK_INSTALL=1 -DCMAKE_INSTALL_PREFIX=/home/om/parrot_ws/install/parrot_v1_description
[0.239s] Invoking command in '/home/om/parrot_ws/build/parrot_v1_description': CMAKE_PREFIX_PATH=${CMAKE_PREFIX_PATH}:/home/om/ros2_ws/install/turtlesim_catch_them_all:/home/om/ros2_ws/install/my_py_pkg:/opt/ros/humble /usr/bin/cmake --build /home/om/parrot_ws/build/parrot_v1_description -- -j16 -l16
[0.274s] Invoked command in '/home/om/parrot_ws/build/parrot_v1_description' returned '0': CMAKE_PREFIX_PATH=${CMAKE_PREFIX_PATH}:/home/om/ros2_ws/install/turtlesim_catch_them_all:/home/om/ros2_ws/install/my_py_pkg:/opt/ros/humble /usr/bin/cmake --build /home/om/parrot_ws/build/parrot_v1_description -- -j16 -l16
[0.305s] Invoking command in '/home/om/parrot_ws/build/parrot_v1_description': CMAKE_PREFIX_PATH=${CMAKE_PREFIX_PATH}:/home/om/ros2_ws/install/turtlesim_catch_them_all:/home/om/ros2_ws/install/my_py_pkg:/opt/ros/humble /usr/bin/cmake --install /home/om/parrot_ws/build/parrot_v1_description
[0.312s] -- Install configuration: ""
[0.313s] -- Execute custom install script
[0.313s] -- Symlinking: /home/om/parrot_ws/install/parrot_v1_description/share/parrot_v1_description//urdf/parrot_v1_main.urdf
[0.321s] -- Symlinking: /home/om/parrot_ws/install/parrot_v1_description/share/parrot_v1_description//meshes_parrot/base_parrot.stl
[0.330s] -- Symlinking: /home/om/parrot_ws/install/parrot_v1_description/share/parrot_v1_description//meshes_parrot/gripper_dynamic_parrot.stl
[0.338s] -- Symlinking: /home/om/parrot_ws/install/parrot_v1_description/share/parrot_v1_description//meshes_parrot/gripper_static_parrot.stl
[0.346s] -- Symlinking: /home/om/parrot_ws/install/parrot_v1_description/share/parrot_v1_description//meshes_parrot/joint_1_parrot.stl
[0.355s] -- Symlinking: /home/om/parrot_ws/install/parrot_v1_description/share/parrot_v1_description//meshes_parrot/joint_2_parrot.stl
[0.363s] -- Symlinking: /home/om/parrot_ws/install/parrot_v1_description/share/parrot_v1_description//meshes_parrot/joint_3_parrot.stl
[0.371s] -- Symlinking: /home/om/parrot_ws/install/parrot_v1_description/share/parrot_v1_description//meshes_parrot/joint_4_parrot.stl
[0.380s] -- Symlinking: /home/om/parrot_ws/install/parrot_v1_description/share/ament_index/resource_index/package_run_dependencies/parrot_v1_description
[0.388s] -- Symlinking: /home/om/parrot_ws/install/parrot_v1_description/share/ament_index/resource_index/parent_prefix_path/parrot_v1_description
[0.395s] -- Symlinking: /home/om/parrot_ws/install/parrot_v1_description/share/parrot_v1_description/environment/ament_prefix_path.sh
[0.403s] -- Symlinking: /home/om/parrot_ws/install/parrot_v1_description/share/parrot_v1_description/environment/ament_prefix_path.dsv
[0.411s] -- Symlinking: /home/om/parrot_ws/install/parrot_v1_description/share/parrot_v1_description/environment/path.sh
[0.419s] -- Symlinking: /home/om/parrot_ws/install/parrot_v1_description/share/parrot_v1_description/environment/path.dsv
[0.427s] -- Symlinking: /home/om/parrot_ws/install/parrot_v1_description/share/parrot_v1_description/local_setup.bash
[0.437s] -- Symlinking: /home/om/parrot_ws/install/parrot_v1_description/share/parrot_v1_description/local_setup.sh
[0.445s] -- Symlinking: /home/om/parrot_ws/install/parrot_v1_description/share/parrot_v1_description/local_setup.zsh
[0.453s] -- Symlinking: /home/om/parrot_ws/install/parrot_v1_description/share/parrot_v1_description/local_setup.dsv
[0.461s] -- Symlinking: /home/om/parrot_ws/install/parrot_v1_description/share/parrot_v1_description/package.dsv
[0.469s] -- Symlinking: /home/om/parrot_ws/install/parrot_v1_description/share/ament_index/resource_index/packages/parrot_v1_description
[0.478s] -- Symlinking: /home/om/parrot_ws/install/parrot_v1_description/share/parrot_v1_description/cmake/parrot_v1_descriptionConfig.cmake
[0.486s] -- Symlinking: /home/om/parrot_ws/install/parrot_v1_description/share/parrot_v1_description/cmake/parrot_v1_descriptionConfig-version.cmake
[0.494s] -- Symlinking: /home/om/parrot_ws/install/parrot_v1_description/share/parrot_v1_description/package.xml
[0.505s] Invoked command in '/home/om/parrot_ws/build/parrot_v1_description' returned '0': CMAKE_PREFIX_PATH=${CMAKE_PREFIX_PATH}:/home/om/ros2_ws/install/turtlesim_catch_them_all:/home/om/ros2_ws/install/my_py_pkg:/opt/ros/humble /usr/bin/cmake --install /home/om/parrot_ws/build/parrot_v1_description
